{"C:\\Users\\Christie\\Desktop\\CSE 186\\Assignment8\\frontend\\src\\App.jsx": {"path":"C:\\Users\\Christie\\Desktop\\CSE 186\\Assignment8\\frontend\\src\\App.jsx","statementMap":{"0":{"start":{"line":7,"column":27},"end":{"line":12,"column":1}},"1":{"start":{"line":8,"column":2},"end":{"line":10,"column":3}},"2":{"start":{"line":9,"column":4},"end":{"line":9,"column":20}},"3":{"start":{"line":11,"column":2},"end":{"line":11,"column":42}},"4":{"start":{"line":18,"column":2},"end":{"line":32,"column":4}}},"fnMap":{"0":{"name":"(anonymous_0)","decl":{"start":{"line":7,"column":27},"end":{"line":7,"column":28}},"loc":{"start":{"line":7,"column":43},"end":{"line":12,"column":1}},"line":7},"1":{"name":"App","decl":{"start":{"line":17,"column":9},"end":{"line":17,"column":12}},"loc":{"start":{"line":17,"column":15},"end":{"line":33,"column":1}},"line":17}},"branchMap":{"0":{"loc":{"start":{"line":8,"column":2},"end":{"line":10,"column":3}},"type":"if","locations":[{"start":{"line":8,"column":2},"end":{"line":10,"column":3}},{"start":{},"end":{}}],"line":8}},"s":{"0":1,"1":1,"2":0,"3":1,"4":1},"f":{"0":1,"1":1},"b":{"0":[0,1]},"_coverageSchema":"1a1c01bbd47fc00a2c39e90264f33305004495a9","hash":"3b1ad7fdf3b234e1d21ee1167a918f9db77cfee8"}
,"C:\\Users\\Christie\\Desktop\\CSE 186\\Assignment8\\frontend\\src\\components\\Composing.jsx": {"path":"C:\\Users\\Christie\\Desktop\\CSE 186\\Assignment8\\frontend\\src\\components\\Composing.jsx","statementMap":{"0":{"start":{"line":7,"column":18},"end":{"line":39,"column":1}},"1":{"start":{"line":8,"column":15},"end":{"line":8,"column":55}},"2":{"start":{"line":9,"column":2},"end":{"line":38,"column":7}},"3":{"start":{"line":25,"column":6},"end":{"line":27,"column":7}},"4":{"start":{"line":26,"column":8},"end":{"line":26,"column":23}},"5":{"start":{"line":28,"column":6},"end":{"line":28,"column":29}},"6":{"start":{"line":31,"column":6},"end":{"line":33,"column":7}},"7":{"start":{"line":32,"column":8},"end":{"line":32,"column":23}},"8":{"start":{"line":34,"column":6},"end":{"line":34,"column":18}},"9":{"start":{"line":37,"column":6},"end":{"line":37,"column":25}},"10":{"start":{"line":45,"column":23},"end":{"line":45,"column":41}},"11":{"start":{"line":46,"column":28},"end":{"line":46,"column":46}},"12":{"start":{"line":47,"column":32},"end":{"line":47,"column":50}},"13":{"start":{"line":49,"column":14},"end":{"line":49,"column":45}},"14":{"start":{"line":50,"column":26},"end":{"line":51,"column":43}},"15":{"start":{"line":53,"column":17},"end":{"line":60,"column":3}},"16":{"start":{"line":54,"column":4},"end":{"line":54,"column":19}},"17":{"start":{"line":55,"column":4},"end":{"line":59,"column":5}},"18":{"start":{"line":56,"column":6},"end":{"line":56,"column":21}},"19":{"start":{"line":58,"column":6},"end":{"line":58,"column":24}},"20":{"start":{"line":62,"column":2},"end":{"line":70,"column":9}},"21":{"start":{"line":63,"column":21},"end":{"line":67,"column":5}},"22":{"start":{"line":64,"column":16},"end":{"line":65,"column":46}},"23":{"start":{"line":66,"column":6},"end":{"line":66,"column":15}},"24":{"start":{"line":68,"column":4},"end":{"line":68,"column":48}},"25":{"start":{"line":69,"column":4},"end":{"line":69,"column":64}},"26":{"start":{"line":69,"column":17},"end":{"line":69,"column":63}},"27":{"start":{"line":72,"column":18},"end":{"line":80,"column":3}},"28":{"start":{"line":73,"column":4},"end":{"line":73,"column":37}},"29":{"start":{"line":74,"column":4},"end":{"line":74,"column":19}},"30":{"start":{"line":75,"column":4},"end":{"line":79,"column":5}},"31":{"start":{"line":76,"column":6},"end":{"line":76,"column":21}},"32":{"start":{"line":78,"column":6},"end":{"line":78,"column":24}},"33":{"start":{"line":82,"column":2},"end":{"line":146,"column":4}},"34":{"start":{"line":87,"column":27},"end":{"line":87,"column":35}},"35":{"start":{"line":94,"column":29},"end":{"line":94,"column":38}},"36":{"start":{"line":112,"column":10},"end":{"line":112,"column":36}},"37":{"start":{"line":126,"column":10},"end":{"line":126,"column":37}},"38":{"start":{"line":139,"column":10},"end":{"line":139,"column":41}}},"fnMap":{"0":{"name":"(anonymous_0)","decl":{"start":{"line":7,"column":18},"end":{"line":7,"column":19}},"loc":{"start":{"line":7,"column":31},"end":{"line":39,"column":1}},"line":7},"1":{"name":"(anonymous_1)","decl":{"start":{"line":24,"column":10},"end":{"line":24,"column":11}},"loc":{"start":{"line":24,"column":24},"end":{"line":29,"column":5}},"line":24},"2":{"name":"(anonymous_2)","decl":{"start":{"line":30,"column":10},"end":{"line":30,"column":11}},"loc":{"start":{"line":30,"column":24},"end":{"line":35,"column":5}},"line":30},"3":{"name":"(anonymous_3)","decl":{"start":{"line":36,"column":11},"end":{"line":36,"column":12}},"loc":{"start":{"line":36,"column":22},"end":{"line":38,"column":5}},"line":36},"4":{"name":"Composing","decl":{"start":{"line":44,"column":9},"end":{"line":44,"column":18}},"loc":{"start":{"line":44,"column":21},"end":{"line":147,"column":1}},"line":44},"5":{"name":"(anonymous_5)","decl":{"start":{"line":53,"column":17},"end":{"line":53,"column":18}},"loc":{"start":{"line":53,"column":23},"end":{"line":60,"column":3}},"line":53},"6":{"name":"(anonymous_6)","decl":{"start":{"line":62,"column":18},"end":{"line":62,"column":19}},"loc":{"start":{"line":62,"column":24},"end":{"line":70,"column":3}},"line":62},"7":{"name":"(anonymous_7)","decl":{"start":{"line":63,"column":21},"end":{"line":63,"column":22}},"loc":{"start":{"line":63,"column":27},"end":{"line":67,"column":5}},"line":63},"8":{"name":"(anonymous_8)","decl":{"start":{"line":69,"column":11},"end":{"line":69,"column":12}},"loc":{"start":{"line":69,"column":17},"end":{"line":69,"column":63}},"line":69},"9":{"name":"(anonymous_9)","decl":{"start":{"line":72,"column":18},"end":{"line":72,"column":19}},"loc":{"start":{"line":72,"column":24},"end":{"line":80,"column":3}},"line":72},"10":{"name":"(anonymous_10)","decl":{"start":{"line":87,"column":21},"end":{"line":87,"column":22}},"loc":{"start":{"line":87,"column":27},"end":{"line":87,"column":35}},"line":87},"11":{"name":"(anonymous_11)","decl":{"start":{"line":94,"column":23},"end":{"line":94,"column":24}},"loc":{"start":{"line":94,"column":29},"end":{"line":94,"column":38}},"line":94},"12":{"name":"(anonymous_12)","decl":{"start":{"line":111,"column":17},"end":{"line":111,"column":18}},"loc":{"start":{"line":111,"column":28},"end":{"line":113,"column":9}},"line":111},"13":{"name":"(anonymous_13)","decl":{"start":{"line":125,"column":17},"end":{"line":125,"column":18}},"loc":{"start":{"line":125,"column":28},"end":{"line":127,"column":9}},"line":125},"14":{"name":"(anonymous_14)","decl":{"start":{"line":138,"column":17},"end":{"line":138,"column":18}},"loc":{"start":{"line":138,"column":28},"end":{"line":140,"column":9}},"line":138}},"branchMap":{"0":{"loc":{"start":{"line":25,"column":6},"end":{"line":27,"column":7}},"type":"if","locations":[{"start":{"line":25,"column":6},"end":{"line":27,"column":7}},{"start":{},"end":{}}],"line":25},"1":{"loc":{"start":{"line":31,"column":6},"end":{"line":33,"column":7}},"type":"if","locations":[{"start":{"line":31,"column":6},"end":{"line":33,"column":7}},{"start":{},"end":{}}],"line":31},"2":{"loc":{"start":{"line":50,"column":41},"end":{"line":51,"column":42}},"type":"cond-expr","locations":[{"start":{"line":51,"column":30},"end":{"line":51,"column":35}},{"start":{"line":51,"column":38},"end":{"line":51,"column":42}}],"line":50},"3":{"loc":{"start":{"line":50,"column":42},"end":{"line":51,"column":27}},"type":"binary-expr","locations":[{"start":{"line":50,"column":43},"end":{"line":50,"column":64}},{"start":{"line":51,"column":5},"end":{"line":51,"column":26}}],"line":50},"4":{"loc":{"start":{"line":55,"column":4},"end":{"line":59,"column":5}},"type":"if","locations":[{"start":{"line":55,"column":4},"end":{"line":59,"column":5}},{"start":{"line":57,"column":11},"end":{"line":59,"column":5}}],"line":55},"5":{"loc":{"start":{"line":64,"column":16},"end":{"line":65,"column":46}},"type":"cond-expr","locations":[{"start":{"line":65,"column":34},"end":{"line":65,"column":39}},{"start":{"line":65,"column":42},"end":{"line":65,"column":46}}],"line":64},"6":{"loc":{"start":{"line":64,"column":17},"end":{"line":65,"column":31}},"type":"binary-expr","locations":[{"start":{"line":64,"column":18},"end":{"line":64,"column":39}},{"start":{"line":65,"column":9},"end":{"line":65,"column":30}}],"line":64},"7":{"loc":{"start":{"line":75,"column":4},"end":{"line":79,"column":5}},"type":"if","locations":[{"start":{"line":75,"column":4},"end":{"line":79,"column":5}},{"start":{"line":77,"column":11},"end":{"line":79,"column":5}}],"line":75},"8":{"loc":{"start":{"line":83,"column":28},"end":{"line":83,"column":48}},"type":"cond-expr","locations":[{"start":{"line":83,"column":35},"end":{"line":83,"column":40}},{"start":{"line":83,"column":41},"end":{"line":83,"column":48}}],"line":83},"9":{"loc":{"start":{"line":84,"column":50},"end":{"line":84,"column":70}},"type":"cond-expr","locations":[{"start":{"line":84,"column":57},"end":{"line":84,"column":62}},{"start":{"line":84,"column":63},"end":{"line":84,"column":70}}],"line":84}},"s":{"0":1,"1":0,"2":0,"3":0,"4":0,"5":0,"6":0,"7":0,"8":0,"9":0,"10":0,"11":0,"12":0,"13":0,"14":0,"15":0,"16":0,"17":0,"18":0,"19":0,"20":0,"21":0,"22":0,"23":0,"24":0,"25":0,"26":0,"27":0,"28":0,"29":0,"30":0,"31":0,"32":0,"33":0,"34":0,"35":0,"36":0,"37":0,"38":0},"f":{"0":0,"1":0,"2":0,"3":0,"4":0,"5":0,"6":0,"7":0,"8":0,"9":0,"10":0,"11":0,"12":0,"13":0,"14":0},"b":{"0":[0,0],"1":[0,0],"2":[0,0],"3":[0,0],"4":[0,0],"5":[0,0],"6":[0,0],"7":[0,0],"8":[0,0],"9":[0,0]},"_coverageSchema":"1a1c01bbd47fc00a2c39e90264f33305004495a9","hash":"06b1fa7ccce84c082bbc715a54ed63e04ae5994c"}
,"C:\\Users\\Christie\\Desktop\\CSE 186\\Assignment8\\frontend\\src\\components\\Home.jsx": {"path":"C:\\Users\\Christie\\Desktop\\CSE 186\\Assignment8\\frontend\\src\\components\\Home.jsx","statementMap":{"0":{"start":{"line":14,"column":32},"end":{"line":14,"column":55}},"1":{"start":{"line":16,"column":4},"end":{"line":16,"column":22}},"2":{"start":{"line":17,"column":32},"end":{"line":17,"column":53}},"3":{"start":{"line":18,"column":26},"end":{"line":18,"column":47}},"4":{"start":{"line":19,"column":28},"end":{"line":19,"column":49}},"5":{"start":{"line":20,"column":34},"end":{"line":20,"column":54}},"6":{"start":{"line":22,"column":2},"end":{"line":31,"column":4}}},"fnMap":{"0":{"name":"Home","decl":{"start":{"line":13,"column":9},"end":{"line":13,"column":13}},"loc":{"start":{"line":13,"column":16},"end":{"line":32,"column":1}},"line":13}},"branchMap":{"0":{"loc":{"start":{"line":27,"column":7},"end":{"line":27,"column":26}},"type":"binary-expr","locations":[{"start":{"line":27,"column":7},"end":{"line":27,"column":11}},{"start":{"line":27,"column":13},"end":{"line":27,"column":26}}],"line":27},"1":{"loc":{"start":{"line":28,"column":7},"end":{"line":28,"column":29}},"type":"binary-expr","locations":[{"start":{"line":28,"column":7},"end":{"line":28,"column":15}},{"start":{"line":28,"column":17},"end":{"line":28,"column":29}}],"line":28},"2":{"loc":{"start":{"line":29,"column":7},"end":{"line":29,"column":26}},"type":"binary-expr","locations":[{"start":{"line":29,"column":7},"end":{"line":29,"column":12}},{"start":{"line":29,"column":14},"end":{"line":29,"column":26}}],"line":29}},"s":{"0":0,"1":0,"2":0,"3":0,"4":0,"5":0,"6":0},"f":{"0":0},"b":{"0":[0,0],"1":[0,0],"2":[0,0]},"_coverageSchema":"1a1c01bbd47fc00a2c39e90264f33305004495a9","hash":"c790395b247bb9fd50fc39c8c48f1bf5254856b1"}
,"C:\\Users\\Christie\\Desktop\\CSE 186\\Assignment8\\frontend\\src\\components\\Login.jsx": {"path":"C:\\Users\\Christie\\Desktop\\CSE 186\\Assignment8\\frontend\\src\\components\\Login.jsx","statementMap":{"0":{"start":{"line":8,"column":26},"end":{"line":8,"column":70}},"1":{"start":{"line":9,"column":18},"end":{"line":9,"column":31}},"2":{"start":{"line":11,"column":28},"end":{"line":16,"column":3}},"3":{"start":{"line":12,"column":26},"end":{"line":12,"column":38}},"4":{"start":{"line":13,"column":14},"end":{"line":13,"column":18}},"5":{"start":{"line":14,"column":4},"end":{"line":14,"column":20}},"6":{"start":{"line":15,"column":4},"end":{"line":15,"column":15}},"7":{"start":{"line":18,"column":19},"end":{"line":40,"column":3}},"8":{"start":{"line":19,"column":4},"end":{"line":19,"column":27}},"9":{"start":{"line":20,"column":4},"end":{"line":39,"column":9}},"10":{"start":{"line":28,"column":8},"end":{"line":30,"column":9}},"11":{"start":{"line":29,"column":10},"end":{"line":29,"column":20}},"12":{"start":{"line":31,"column":8},"end":{"line":31,"column":26}},"13":{"start":{"line":34,"column":8},"end":{"line":34,"column":59}},"14":{"start":{"line":35,"column":8},"end":{"line":35,"column":21}},"15":{"start":{"line":38,"column":8},"end":{"line":38,"column":52}},"16":{"start":{"line":42,"column":2},"end":{"line":63,"column":4}}},"fnMap":{"0":{"name":"Login","decl":{"start":{"line":7,"column":9},"end":{"line":7,"column":14}},"loc":{"start":{"line":7,"column":17},"end":{"line":64,"column":1}},"line":7},"1":{"name":"(anonymous_1)","decl":{"start":{"line":11,"column":28},"end":{"line":11,"column":29}},"loc":{"start":{"line":11,"column":39},"end":{"line":16,"column":3}},"line":11},"2":{"name":"(anonymous_2)","decl":{"start":{"line":18,"column":19},"end":{"line":18,"column":20}},"loc":{"start":{"line":18,"column":30},"end":{"line":40,"column":3}},"line":18},"3":{"name":"(anonymous_3)","decl":{"start":{"line":27,"column":12},"end":{"line":27,"column":13}},"loc":{"start":{"line":27,"column":21},"end":{"line":32,"column":7}},"line":27},"4":{"name":"(anonymous_4)","decl":{"start":{"line":33,"column":12},"end":{"line":33,"column":13}},"loc":{"start":{"line":33,"column":22},"end":{"line":36,"column":7}},"line":33},"5":{"name":"(anonymous_5)","decl":{"start":{"line":37,"column":13},"end":{"line":37,"column":14}},"loc":{"start":{"line":37,"column":22},"end":{"line":39,"column":7}},"line":37}},"branchMap":{"0":{"loc":{"start":{"line":28,"column":8},"end":{"line":30,"column":9}},"type":"if","locations":[{"start":{"line":28,"column":8},"end":{"line":30,"column":9}},{"start":{},"end":{}}],"line":28}},"s":{"0":1,"1":1,"2":1,"3":0,"4":0,"5":0,"6":0,"7":1,"8":0,"9":0,"10":0,"11":0,"12":0,"13":0,"14":0,"15":0,"16":1},"f":{"0":1,"1":0,"2":0,"3":0,"4":0,"5":0},"b":{"0":[0,0]},"_coverageSchema":"1a1c01bbd47fc00a2c39e90264f33305004495a9","hash":"30aa9c8aff453c7c06ccfdf31c60db91aa01c084"}
,"C:\\Users\\Christie\\Desktop\\CSE 186\\Assignment8\\frontend\\src\\components\\MailList.jsx": {"path":"C:\\Users\\Christie\\Desktop\\CSE 186\\Assignment8\\frontend\\src\\components\\MailList.jsx","statementMap":{"0":{"start":{"line":10,"column":14},"end":{"line":20,"column":2}},"1":{"start":{"line":22,"column":15},"end":{"line":30,"column":2}},"2":{"start":{"line":22,"column":27},"end":{"line":30,"column":1}},"3":{"start":{"line":32,"column":19},"end":{"line":55,"column":1}},"4":{"start":{"line":33,"column":15},"end":{"line":33,"column":55}},"5":{"start":{"line":34,"column":19},"end":{"line":34,"column":68}},"6":{"start":{"line":35,"column":2},"end":{"line":54,"column":7}},"7":{"start":{"line":43,"column":6},"end":{"line":45,"column":7}},"8":{"start":{"line":44,"column":8},"end":{"line":44,"column":23}},"9":{"start":{"line":46,"column":6},"end":{"line":46,"column":29}},"10":{"start":{"line":49,"column":6},"end":{"line":49,"column":21}},"11":{"start":{"line":52,"column":6},"end":{"line":52,"column":25}},"12":{"start":{"line":53,"column":6},"end":{"line":53,"column":19}},"13":{"start":{"line":57,"column":18},"end":{"line":76,"column":1}},"14":{"start":{"line":58,"column":15},"end":{"line":58,"column":55}},"15":{"start":{"line":59,"column":19},"end":{"line":59,"column":55}},"16":{"start":{"line":60,"column":2},"end":{"line":75,"column":7}},"17":{"start":{"line":68,"column":6},"end":{"line":70,"column":7}},"18":{"start":{"line":69,"column":8},"end":{"line":69,"column":23}},"19":{"start":{"line":71,"column":6},"end":{"line":71,"column":18}},"20":{"start":{"line":74,"column":6},"end":{"line":74,"column":25}},"21":{"start":{"line":82,"column":12},"end":{"line":82,"column":25}},"22":{"start":{"line":83,"column":28},"end":{"line":83,"column":46}},"23":{"start":{"line":85,"column":18},"end":{"line":85,"column":43}},"24":{"start":{"line":86,"column":26},"end":{"line":87,"column":43}},"25":{"start":{"line":89,"column":18},"end":{"line":93,"column":3}},"26":{"start":{"line":90,"column":4},"end":{"line":90,"column":23}},"27":{"start":{"line":91,"column":4},"end":{"line":91,"column":18}},"28":{"start":{"line":92,"column":4},"end":{"line":92,"column":19}},"29":{"start":{"line":95,"column":22},"end":{"line":99,"column":3}},"30":{"start":{"line":96,"column":4},"end":{"line":96,"column":24}},"31":{"start":{"line":97,"column":4},"end":{"line":97,"column":18}},"32":{"start":{"line":98,"column":4},"end":{"line":98,"column":34}},"33":{"start":{"line":101,"column":2},"end":{"line":110,"column":16}},"34":{"start":{"line":102,"column":4},"end":{"line":102,"column":34}},"35":{"start":{"line":103,"column":21},"end":{"line":107,"column":5}},"36":{"start":{"line":104,"column":16},"end":{"line":105,"column":46}},"37":{"start":{"line":106,"column":6},"end":{"line":106,"column":15}},"38":{"start":{"line":108,"column":4},"end":{"line":108,"column":48}},"39":{"start":{"line":109,"column":4},"end":{"line":109,"column":64}},"40":{"start":{"line":109,"column":17},"end":{"line":109,"column":63}},"41":{"start":{"line":112,"column":2},"end":{"line":158,"column":4}},"42":{"start":{"line":113,"column":24},"end":{"line":113,"column":41}},"43":{"start":{"line":119,"column":10},"end":{"line":154,"column":21}},"44":{"start":{"line":120,"column":43},"end":{"line":120,"column":59}},"45":{"start":{"line":146,"column":38},"end":{"line":146,"column":61}}},"fnMap":{"0":{"name":"(anonymous_0)","decl":{"start":{"line":22,"column":15},"end":{"line":22,"column":16}},"loc":{"start":{"line":22,"column":27},"end":{"line":30,"column":1}},"line":22},"1":{"name":"(anonymous_1)","decl":{"start":{"line":32,"column":19},"end":{"line":32,"column":20}},"loc":{"start":{"line":32,"column":42},"end":{"line":55,"column":1}},"line":32},"2":{"name":"(anonymous_2)","decl":{"start":{"line":42,"column":10},"end":{"line":42,"column":11}},"loc":{"start":{"line":42,"column":24},"end":{"line":47,"column":5}},"line":42},"3":{"name":"(anonymous_3)","decl":{"start":{"line":48,"column":10},"end":{"line":48,"column":11}},"loc":{"start":{"line":48,"column":20},"end":{"line":50,"column":5}},"line":48},"4":{"name":"(anonymous_4)","decl":{"start":{"line":51,"column":11},"end":{"line":51,"column":12}},"loc":{"start":{"line":51,"column":22},"end":{"line":54,"column":5}},"line":51},"5":{"name":"(anonymous_5)","decl":{"start":{"line":57,"column":18},"end":{"line":57,"column":19}},"loc":{"start":{"line":57,"column":26},"end":{"line":76,"column":1}},"line":57},"6":{"name":"(anonymous_6)","decl":{"start":{"line":67,"column":10},"end":{"line":67,"column":11}},"loc":{"start":{"line":67,"column":24},"end":{"line":72,"column":5}},"line":67},"7":{"name":"(anonymous_7)","decl":{"start":{"line":73,"column":11},"end":{"line":73,"column":12}},"loc":{"start":{"line":73,"column":22},"end":{"line":75,"column":5}},"line":73},"8":{"name":"MailList","decl":{"start":{"line":81,"column":9},"end":{"line":81,"column":17}},"loc":{"start":{"line":81,"column":20},"end":{"line":159,"column":1}},"line":81},"9":{"name":"(anonymous_9)","decl":{"start":{"line":89,"column":18},"end":{"line":89,"column":19}},"loc":{"start":{"line":89,"column":26},"end":{"line":93,"column":3}},"line":89},"10":{"name":"(anonymous_10)","decl":{"start":{"line":95,"column":22},"end":{"line":95,"column":23}},"loc":{"start":{"line":95,"column":33},"end":{"line":99,"column":3}},"line":95},"11":{"name":"(anonymous_11)","decl":{"start":{"line":101,"column":18},"end":{"line":101,"column":19}},"loc":{"start":{"line":101,"column":24},"end":{"line":110,"column":3}},"line":101},"12":{"name":"(anonymous_12)","decl":{"start":{"line":103,"column":21},"end":{"line":103,"column":22}},"loc":{"start":{"line":103,"column":27},"end":{"line":107,"column":5}},"line":103},"13":{"name":"(anonymous_13)","decl":{"start":{"line":109,"column":11},"end":{"line":109,"column":12}},"loc":{"start":{"line":109,"column":17},"end":{"line":109,"column":63}},"line":109},"14":{"name":"(anonymous_14)","decl":{"start":{"line":113,"column":18},"end":{"line":113,"column":19}},"loc":{"start":{"line":113,"column":24},"end":{"line":113,"column":41}},"line":113},"15":{"name":"(anonymous_15)","decl":{"start":{"line":118,"column":19},"end":{"line":118,"column":20}},"loc":{"start":{"line":119,"column":10},"end":{"line":154,"column":21}},"line":119},"16":{"name":"(anonymous_16)","decl":{"start":{"line":120,"column":37},"end":{"line":120,"column":38}},"loc":{"start":{"line":120,"column":43},"end":{"line":120,"column":59}},"line":120},"17":{"name":"(anonymous_17)","decl":{"start":{"line":146,"column":31},"end":{"line":146,"column":32}},"loc":{"start":{"line":146,"column":38},"end":{"line":146,"column":61}},"line":146}},"branchMap":{"0":{"loc":{"start":{"line":43,"column":6},"end":{"line":45,"column":7}},"type":"if","locations":[{"start":{"line":43,"column":6},"end":{"line":45,"column":7}},{"start":{},"end":{}}],"line":43},"1":{"loc":{"start":{"line":68,"column":6},"end":{"line":70,"column":7}},"type":"if","locations":[{"start":{"line":68,"column":6},"end":{"line":70,"column":7}},{"start":{},"end":{}}],"line":68},"2":{"loc":{"start":{"line":86,"column":41},"end":{"line":87,"column":42}},"type":"cond-expr","locations":[{"start":{"line":87,"column":30},"end":{"line":87,"column":35}},{"start":{"line":87,"column":38},"end":{"line":87,"column":42}}],"line":86},"3":{"loc":{"start":{"line":86,"column":42},"end":{"line":87,"column":27}},"type":"binary-expr","locations":[{"start":{"line":86,"column":43},"end":{"line":86,"column":64}},{"start":{"line":87,"column":5},"end":{"line":87,"column":26}}],"line":86},"4":{"loc":{"start":{"line":104,"column":16},"end":{"line":105,"column":46}},"type":"cond-expr","locations":[{"start":{"line":105,"column":34},"end":{"line":105,"column":39}},{"start":{"line":105,"column":42},"end":{"line":105,"column":46}}],"line":104},"5":{"loc":{"start":{"line":104,"column":17},"end":{"line":105,"column":31}},"type":"binary-expr","locations":[{"start":{"line":104,"column":18},"end":{"line":104,"column":39}},{"start":{"line":105,"column":9},"end":{"line":105,"column":30}}],"line":104},"6":{"loc":{"start":{"line":116,"column":54},"end":{"line":116,"column":74}},"type":"cond-expr","locations":[{"start":{"line":116,"column":61},"end":{"line":116,"column":66}},{"start":{"line":116,"column":67},"end":{"line":116,"column":74}}],"line":116},"7":{"loc":{"start":{"line":128,"column":42},"end":{"line":128,"column":73}},"type":"cond-expr","locations":[{"start":{"line":128,"column":55},"end":{"line":128,"column":64}},{"start":{"line":128,"column":66},"end":{"line":128,"column":73}}],"line":128},"8":{"loc":{"start":{"line":131,"column":42},"end":{"line":131,"column":73}},"type":"cond-expr","locations":[{"start":{"line":131,"column":55},"end":{"line":131,"column":64}},{"start":{"line":131,"column":66},"end":{"line":131,"column":73}}],"line":131},"9":{"loc":{"start":{"line":149,"column":23},"end":{"line":149,"column":60}},"type":"binary-expr","locations":[{"start":{"line":149,"column":24},"end":{"line":149,"column":39}},{"start":{"line":149,"column":42},"end":{"line":149,"column":60}}],"line":149},"10":{"loc":{"start":{"line":150,"column":23},"end":{"line":150,"column":54}},"type":"binary-expr","locations":[{"start":{"line":150,"column":24},"end":{"line":150,"column":39}},{"start":{"line":150,"column":42},"end":{"line":150,"column":54}}],"line":150}},"s":{"0":1,"1":1,"2":0,"3":1,"4":0,"5":0,"6":0,"7":0,"8":0,"9":0,"10":0,"11":0,"12":0,"13":1,"14":0,"15":0,"16":0,"17":0,"18":0,"19":0,"20":0,"21":0,"22":0,"23":0,"24":0,"25":0,"26":0,"27":0,"28":0,"29":0,"30":0,"31":0,"32":0,"33":0,"34":0,"35":0,"36":0,"37":0,"38":0,"39":0,"40":0,"41":0,"42":0,"43":0,"44":0,"45":0},"f":{"0":0,"1":0,"2":0,"3":0,"4":0,"5":0,"6":0,"7":0,"8":0,"9":0,"10":0,"11":0,"12":0,"13":0,"14":0,"15":0,"16":0,"17":0},"b":{"0":[0,0],"1":[0,0],"2":[0,0],"3":[0,0],"4":[0,0],"5":[0,0],"6":[0,0],"7":[0,0],"8":[0,0],"9":[0,0],"10":[0,0]},"_coverageSchema":"1a1c01bbd47fc00a2c39e90264f33305004495a9","hash":"ffa99af8847b9063bcafc92f1117af44cbb450b5"}
,"C:\\Users\\Christie\\Desktop\\CSE 186\\Assignment8\\frontend\\src\\components\\MailView.jsx": {"path":"C:\\Users\\Christie\\Desktop\\CSE 186\\Assignment8\\frontend\\src\\components\\MailView.jsx","statementMap":{"0":{"start":{"line":17,"column":21},"end":{"line":41,"column":1}},"1":{"start":{"line":18,"column":15},"end":{"line":18,"column":55}},"2":{"start":{"line":19,"column":2},"end":{"line":40,"column":7}},"3":{"start":{"line":27,"column":6},"end":{"line":29,"column":7}},"4":{"start":{"line":28,"column":8},"end":{"line":28,"column":23}},"5":{"start":{"line":30,"column":6},"end":{"line":30,"column":29}},"6":{"start":{"line":33,"column":19},"end":{"line":35,"column":60}},"7":{"start":{"line":33,"column":39},"end":{"line":35,"column":58}},"8":{"start":{"line":36,"column":6},"end":{"line":36,"column":18}},"9":{"start":{"line":39,"column":6},"end":{"line":39,"column":25}},"10":{"start":{"line":43,"column":18},"end":{"line":68,"column":1}},"11":{"start":{"line":44,"column":15},"end":{"line":44,"column":55}},"12":{"start":{"line":46,"column":19},"end":{"line":46,"column":59}},"13":{"start":{"line":47,"column":2},"end":{"line":67,"column":7}},"14":{"start":{"line":55,"column":6},"end":{"line":57,"column":7}},"15":{"start":{"line":56,"column":8},"end":{"line":56,"column":23}},"16":{"start":{"line":58,"column":6},"end":{"line":58,"column":29}},"17":{"start":{"line":61,"column":6},"end":{"line":61,"column":20}},"18":{"start":{"line":62,"column":6},"end":{"line":62,"column":22}},"19":{"start":{"line":65,"column":6},"end":{"line":65,"column":25}},"20":{"start":{"line":66,"column":6},"end":{"line":66,"column":18}},"21":{"start":{"line":70,"column":18},"end":{"line":89,"column":1}},"22":{"start":{"line":71,"column":15},"end":{"line":71,"column":55}},"23":{"start":{"line":72,"column":19},"end":{"line":72,"column":55}},"24":{"start":{"line":73,"column":2},"end":{"line":88,"column":7}},"25":{"start":{"line":81,"column":6},"end":{"line":83,"column":7}},"26":{"start":{"line":82,"column":8},"end":{"line":82,"column":23}},"27":{"start":{"line":84,"column":6},"end":{"line":84,"column":18}},"28":{"start":{"line":87,"column":6},"end":{"line":87,"column":25}},"29":{"start":{"line":91,"column":20},"end":{"line":110,"column":1}},"30":{"start":{"line":92,"column":15},"end":{"line":92,"column":55}},"31":{"start":{"line":93,"column":19},"end":{"line":93,"column":55}},"32":{"start":{"line":94,"column":2},"end":{"line":109,"column":7}},"33":{"start":{"line":102,"column":6},"end":{"line":104,"column":7}},"34":{"start":{"line":103,"column":8},"end":{"line":103,"column":23}},"35":{"start":{"line":105,"column":6},"end":{"line":105,"column":18}},"36":{"start":{"line":108,"column":6},"end":{"line":108,"column":25}},"37":{"start":{"line":112,"column":18},"end":{"line":131,"column":1}},"38":{"start":{"line":113,"column":15},"end":{"line":113,"column":55}},"39":{"start":{"line":114,"column":19},"end":{"line":114,"column":75}},"40":{"start":{"line":115,"column":2},"end":{"line":130,"column":7}},"41":{"start":{"line":123,"column":6},"end":{"line":125,"column":7}},"42":{"start":{"line":124,"column":8},"end":{"line":124,"column":23}},"43":{"start":{"line":126,"column":6},"end":{"line":126,"column":18}},"44":{"start":{"line":129,"column":6},"end":{"line":129,"column":25}},"45":{"start":{"line":133,"column":17},"end":{"line":152,"column":1}},"46":{"start":{"line":134,"column":15},"end":{"line":134,"column":55}},"47":{"start":{"line":135,"column":19},"end":{"line":135,"column":71}},"48":{"start":{"line":136,"column":2},"end":{"line":151,"column":7}},"49":{"start":{"line":144,"column":6},"end":{"line":146,"column":7}},"50":{"start":{"line":145,"column":8},"end":{"line":145,"column":23}},"51":{"start":{"line":147,"column":6},"end":{"line":147,"column":18}},"52":{"start":{"line":150,"column":6},"end":{"line":150,"column":25}},"53":{"start":{"line":159,"column":26},"end":{"line":159,"column":71}},"54":{"start":{"line":161,"column":28},"end":{"line":161,"column":53}},"55":{"start":{"line":162,"column":26},"end":{"line":162,"column":43}},"56":{"start":{"line":163,"column":22},"end":{"line":163,"column":43}},"57":{"start":{"line":164,"column":26},"end":{"line":165,"column":43}},"58":{"start":{"line":166,"column":28},"end":{"line":166,"column":46}},"59":{"start":{"line":169,"column":2},"end":{"line":178,"column":15}},"60":{"start":{"line":170,"column":4},"end":{"line":170,"column":37}},"61":{"start":{"line":171,"column":21},"end":{"line":175,"column":5}},"62":{"start":{"line":172,"column":16},"end":{"line":173,"column":46}},"63":{"start":{"line":174,"column":6},"end":{"line":174,"column":15}},"64":{"start":{"line":176,"column":4},"end":{"line":176,"column":48}},"65":{"start":{"line":177,"column":4},"end":{"line":177,"column":64}},"66":{"start":{"line":177,"column":17},"end":{"line":177,"column":63}},"67":{"start":{"line":180,"column":17},"end":{"line":187,"column":3}},"68":{"start":{"line":181,"column":4},"end":{"line":183,"column":5}},"69":{"start":{"line":182,"column":6},"end":{"line":182,"column":26}},"70":{"start":{"line":184,"column":4},"end":{"line":184,"column":22}},"71":{"start":{"line":185,"column":4},"end":{"line":185,"column":20}},"72":{"start":{"line":186,"column":4},"end":{"line":186,"column":18}},"73":{"start":{"line":189,"column":22},"end":{"line":192,"column":3}},"74":{"start":{"line":190,"column":4},"end":{"line":190,"column":20}},"75":{"start":{"line":191,"column":4},"end":{"line":191,"column":18}},"76":{"start":{"line":194,"column":22},"end":{"line":201,"column":3}},"77":{"start":{"line":195,"column":4},"end":{"line":195,"column":18}},"78":{"start":{"line":196,"column":4},"end":{"line":200,"column":5}},"79":{"start":{"line":197,"column":6},"end":{"line":197,"column":14}},"80":{"start":{"line":199,"column":6},"end":{"line":199,"column":14}},"81":{"start":{"line":203,"column":21},"end":{"line":209,"column":3}},"82":{"start":{"line":204,"column":4},"end":{"line":206,"column":5}},"83":{"start":{"line":205,"column":6},"end":{"line":205,"column":22}},"84":{"start":{"line":207,"column":4},"end":{"line":207,"column":20}},"85":{"start":{"line":208,"column":4},"end":{"line":208,"column":22}},"86":{"start":{"line":211,"column":21},"end":{"line":215,"column":3}},"87":{"start":{"line":212,"column":4},"end":{"line":212,"column":17}},"88":{"start":{"line":213,"column":4},"end":{"line":213,"column":20}},"89":{"start":{"line":214,"column":4},"end":{"line":214,"column":22}},"90":{"start":{"line":217,"column":17},"end":{"line":220,"column":3}},"91":{"start":{"line":218,"column":4},"end":{"line":218,"column":25}},"92":{"start":{"line":219,"column":4},"end":{"line":219,"column":16}},"93":{"start":{"line":222,"column":22},"end":{"line":224,"column":3}},"94":{"start":{"line":223,"column":4},"end":{"line":223,"column":17}},"95":{"start":{"line":226,"column":20},"end":{"line":228,"column":3}},"96":{"start":{"line":227,"column":4},"end":{"line":227,"column":17}},"97":{"start":{"line":230,"column":20},"end":{"line":232,"column":3}},"98":{"start":{"line":231,"column":4},"end":{"line":231,"column":27}},"99":{"start":{"line":234,"column":17},"end":{"line":238,"column":3}},"100":{"start":{"line":235,"column":4},"end":{"line":237,"column":5}},"101":{"start":{"line":236,"column":6},"end":{"line":236,"column":29}},"102":{"start":{"line":240,"column":2},"end":{"line":348,"column":4}},"103":{"start":{"line":245,"column":27},"end":{"line":245,"column":35}},"104":{"start":{"line":252,"column":29},"end":{"line":252,"column":61}},"105":{"start":{"line":258,"column":29},"end":{"line":258,"column":44}},"106":{"start":{"line":264,"column":29},"end":{"line":264,"column":48}},"107":{"start":{"line":281,"column":33},"end":{"line":281,"column":53}},"108":{"start":{"line":302,"column":35},"end":{"line":302,"column":55}},"109":{"start":{"line":314,"column":46},"end":{"line":314,"column":59}},"110":{"start":{"line":315,"column":38},"end":{"line":315,"column":51}},"111":{"start":{"line":318,"column":29},"end":{"line":318,"column":42}},"112":{"start":{"line":328,"column":34},"end":{"line":328,"column":52}},"113":{"start":{"line":333,"column":34},"end":{"line":333,"column":52}},"114":{"start":{"line":337,"column":16},"end":{"line":341,"column":18}},"115":{"start":{"line":339,"column":41},"end":{"line":339,"column":74}}},"fnMap":{"0":{"name":"(anonymous_0)","decl":{"start":{"line":17,"column":21},"end":{"line":17,"column":22}},"loc":{"start":{"line":17,"column":33},"end":{"line":41,"column":1}},"line":17},"1":{"name":"(anonymous_1)","decl":{"start":{"line":26,"column":10},"end":{"line":26,"column":11}},"loc":{"start":{"line":26,"column":24},"end":{"line":31,"column":5}},"line":26},"2":{"name":"(anonymous_2)","decl":{"start":{"line":32,"column":10},"end":{"line":32,"column":11}},"loc":{"start":{"line":32,"column":20},"end":{"line":37,"column":5}},"line":32},"3":{"name":"(anonymous_3)","decl":{"start":{"line":33,"column":31},"end":{"line":33,"column":32}},"loc":{"start":{"line":33,"column":39},"end":{"line":35,"column":58}},"line":33},"4":{"name":"(anonymous_4)","decl":{"start":{"line":38,"column":11},"end":{"line":38,"column":12}},"loc":{"start":{"line":38,"column":22},"end":{"line":40,"column":5}},"line":38},"5":{"name":"(anonymous_5)","decl":{"start":{"line":43,"column":18},"end":{"line":43,"column":19}},"loc":{"start":{"line":43,"column":45},"end":{"line":68,"column":1}},"line":43},"6":{"name":"(anonymous_6)","decl":{"start":{"line":54,"column":10},"end":{"line":54,"column":11}},"loc":{"start":{"line":54,"column":24},"end":{"line":59,"column":5}},"line":54},"7":{"name":"(anonymous_7)","decl":{"start":{"line":60,"column":10},"end":{"line":60,"column":11}},"loc":{"start":{"line":60,"column":20},"end":{"line":63,"column":5}},"line":60},"8":{"name":"(anonymous_8)","decl":{"start":{"line":64,"column":11},"end":{"line":64,"column":12}},"loc":{"start":{"line":64,"column":22},"end":{"line":67,"column":5}},"line":64},"9":{"name":"(anonymous_9)","decl":{"start":{"line":70,"column":18},"end":{"line":70,"column":19}},"loc":{"start":{"line":70,"column":26},"end":{"line":89,"column":1}},"line":70},"10":{"name":"(anonymous_10)","decl":{"start":{"line":80,"column":10},"end":{"line":80,"column":11}},"loc":{"start":{"line":80,"column":24},"end":{"line":85,"column":5}},"line":80},"11":{"name":"(anonymous_11)","decl":{"start":{"line":86,"column":11},"end":{"line":86,"column":12}},"loc":{"start":{"line":86,"column":22},"end":{"line":88,"column":5}},"line":86},"12":{"name":"(anonymous_12)","decl":{"start":{"line":91,"column":20},"end":{"line":91,"column":21}},"loc":{"start":{"line":91,"column":28},"end":{"line":110,"column":1}},"line":91},"13":{"name":"(anonymous_13)","decl":{"start":{"line":101,"column":10},"end":{"line":101,"column":11}},"loc":{"start":{"line":101,"column":24},"end":{"line":106,"column":5}},"line":101},"14":{"name":"(anonymous_14)","decl":{"start":{"line":107,"column":11},"end":{"line":107,"column":12}},"loc":{"start":{"line":107,"column":22},"end":{"line":109,"column":5}},"line":107},"15":{"name":"(anonymous_15)","decl":{"start":{"line":112,"column":18},"end":{"line":112,"column":19}},"loc":{"start":{"line":112,"column":35},"end":{"line":131,"column":1}},"line":112},"16":{"name":"(anonymous_16)","decl":{"start":{"line":122,"column":10},"end":{"line":122,"column":11}},"loc":{"start":{"line":122,"column":24},"end":{"line":127,"column":5}},"line":122},"17":{"name":"(anonymous_17)","decl":{"start":{"line":128,"column":11},"end":{"line":128,"column":12}},"loc":{"start":{"line":128,"column":22},"end":{"line":130,"column":5}},"line":128},"18":{"name":"(anonymous_18)","decl":{"start":{"line":133,"column":17},"end":{"line":133,"column":18}},"loc":{"start":{"line":133,"column":25},"end":{"line":152,"column":1}},"line":133},"19":{"name":"(anonymous_19)","decl":{"start":{"line":143,"column":10},"end":{"line":143,"column":11}},"loc":{"start":{"line":143,"column":24},"end":{"line":148,"column":5}},"line":143},"20":{"name":"(anonymous_20)","decl":{"start":{"line":149,"column":11},"end":{"line":149,"column":12}},"loc":{"start":{"line":149,"column":22},"end":{"line":151,"column":5}},"line":149},"21":{"name":"MailView","decl":{"start":{"line":158,"column":9},"end":{"line":158,"column":17}},"loc":{"start":{"line":158,"column":20},"end":{"line":349,"column":1}},"line":158},"22":{"name":"(anonymous_22)","decl":{"start":{"line":169,"column":18},"end":{"line":169,"column":19}},"loc":{"start":{"line":169,"column":24},"end":{"line":178,"column":3}},"line":169},"23":{"name":"(anonymous_23)","decl":{"start":{"line":171,"column":21},"end":{"line":171,"column":22}},"loc":{"start":{"line":171,"column":27},"end":{"line":175,"column":5}},"line":171},"24":{"name":"(anonymous_24)","decl":{"start":{"line":177,"column":11},"end":{"line":177,"column":12}},"loc":{"start":{"line":177,"column":17},"end":{"line":177,"column":63}},"line":177},"25":{"name":"(anonymous_25)","decl":{"start":{"line":180,"column":17},"end":{"line":180,"column":18}},"loc":{"start":{"line":180,"column":23},"end":{"line":187,"column":3}},"line":180},"26":{"name":"(anonymous_26)","decl":{"start":{"line":189,"column":22},"end":{"line":189,"column":23}},"loc":{"start":{"line":189,"column":28},"end":{"line":192,"column":3}},"line":189},"27":{"name":"(anonymous_27)","decl":{"start":{"line":194,"column":22},"end":{"line":194,"column":23}},"loc":{"start":{"line":194,"column":30},"end":{"line":201,"column":3}},"line":194},"28":{"name":"(anonymous_28)","decl":{"start":{"line":203,"column":21},"end":{"line":203,"column":22}},"loc":{"start":{"line":203,"column":35},"end":{"line":209,"column":3}},"line":203},"29":{"name":"(anonymous_29)","decl":{"start":{"line":211,"column":21},"end":{"line":211,"column":22}},"loc":{"start":{"line":211,"column":29},"end":{"line":215,"column":3}},"line":211},"30":{"name":"(anonymous_30)","decl":{"start":{"line":217,"column":17},"end":{"line":217,"column":18}},"loc":{"start":{"line":217,"column":23},"end":{"line":220,"column":3}},"line":217},"31":{"name":"(anonymous_31)","decl":{"start":{"line":222,"column":22},"end":{"line":222,"column":23}},"loc":{"start":{"line":222,"column":28},"end":{"line":224,"column":3}},"line":222},"32":{"name":"(anonymous_32)","decl":{"start":{"line":226,"column":20},"end":{"line":226,"column":21}},"loc":{"start":{"line":226,"column":28},"end":{"line":228,"column":3}},"line":226},"33":{"name":"(anonymous_33)","decl":{"start":{"line":230,"column":20},"end":{"line":230,"column":21}},"loc":{"start":{"line":230,"column":28},"end":{"line":232,"column":3}},"line":230},"34":{"name":"(anonymous_34)","decl":{"start":{"line":234,"column":17},"end":{"line":234,"column":18}},"loc":{"start":{"line":234,"column":41},"end":{"line":238,"column":3}},"line":234},"35":{"name":"(anonymous_35)","decl":{"start":{"line":245,"column":21},"end":{"line":245,"column":22}},"loc":{"start":{"line":245,"column":27},"end":{"line":245,"column":35}},"line":245},"36":{"name":"(anonymous_36)","decl":{"start":{"line":252,"column":23},"end":{"line":252,"column":24}},"loc":{"start":{"line":252,"column":29},"end":{"line":252,"column":61}},"line":252},"37":{"name":"(anonymous_37)","decl":{"start":{"line":258,"column":23},"end":{"line":258,"column":24}},"loc":{"start":{"line":258,"column":29},"end":{"line":258,"column":44}},"line":258},"38":{"name":"(anonymous_38)","decl":{"start":{"line":264,"column":23},"end":{"line":264,"column":24}},"loc":{"start":{"line":264,"column":29},"end":{"line":264,"column":48}},"line":264},"39":{"name":"(anonymous_39)","decl":{"start":{"line":281,"column":27},"end":{"line":281,"column":28}},"loc":{"start":{"line":281,"column":33},"end":{"line":281,"column":53}},"line":281},"40":{"name":"(anonymous_40)","decl":{"start":{"line":302,"column":29},"end":{"line":302,"column":30}},"loc":{"start":{"line":302,"column":35},"end":{"line":302,"column":55}},"line":302},"41":{"name":"(anonymous_41)","decl":{"start":{"line":314,"column":40},"end":{"line":314,"column":41}},"loc":{"start":{"line":314,"column":46},"end":{"line":314,"column":59}},"line":314},"42":{"name":"(anonymous_42)","decl":{"start":{"line":315,"column":32},"end":{"line":315,"column":33}},"loc":{"start":{"line":315,"column":38},"end":{"line":315,"column":51}},"line":315},"43":{"name":"(anonymous_43)","decl":{"start":{"line":318,"column":23},"end":{"line":318,"column":24}},"loc":{"start":{"line":318,"column":29},"end":{"line":318,"column":42}},"line":318},"44":{"name":"(anonymous_44)","decl":{"start":{"line":328,"column":28},"end":{"line":328,"column":29}},"loc":{"start":{"line":328,"column":34},"end":{"line":328,"column":52}},"line":328},"45":{"name":"(anonymous_45)","decl":{"start":{"line":333,"column":28},"end":{"line":333,"column":29}},"loc":{"start":{"line":333,"column":34},"end":{"line":333,"column":52}},"line":333},"46":{"name":"(anonymous_46)","decl":{"start":{"line":336,"column":27},"end":{"line":336,"column":28}},"loc":{"start":{"line":337,"column":16},"end":{"line":341,"column":18}},"line":337},"47":{"name":"(anonymous_47)","decl":{"start":{"line":339,"column":30},"end":{"line":339,"column":31}},"loc":{"start":{"line":339,"column":41},"end":{"line":339,"column":74}},"line":339}},"branchMap":{"0":{"loc":{"start":{"line":27,"column":6},"end":{"line":29,"column":7}},"type":"if","locations":[{"start":{"line":27,"column":6},"end":{"line":29,"column":7}},{"start":{},"end":{}}],"line":27},"1":{"loc":{"start":{"line":33,"column":39},"end":{"line":35,"column":58}},"type":"binary-expr","locations":[{"start":{"line":33,"column":40},"end":{"line":33,"column":61}},{"start":{"line":34,"column":9},"end":{"line":34,"column":30}},{"start":{"line":34,"column":34},"end":{"line":34,"column":54}},{"start":{"line":35,"column":9},"end":{"line":35,"column":32}},{"start":{"line":35,"column":36},"end":{"line":35,"column":57}}],"line":33},"2":{"loc":{"start":{"line":55,"column":6},"end":{"line":57,"column":7}},"type":"if","locations":[{"start":{"line":55,"column":6},"end":{"line":57,"column":7}},{"start":{},"end":{}}],"line":55},"3":{"loc":{"start":{"line":81,"column":6},"end":{"line":83,"column":7}},"type":"if","locations":[{"start":{"line":81,"column":6},"end":{"line":83,"column":7}},{"start":{},"end":{}}],"line":81},"4":{"loc":{"start":{"line":102,"column":6},"end":{"line":104,"column":7}},"type":"if","locations":[{"start":{"line":102,"column":6},"end":{"line":104,"column":7}},{"start":{},"end":{}}],"line":102},"5":{"loc":{"start":{"line":123,"column":6},"end":{"line":125,"column":7}},"type":"if","locations":[{"start":{"line":123,"column":6},"end":{"line":125,"column":7}},{"start":{},"end":{}}],"line":123},"6":{"loc":{"start":{"line":144,"column":6},"end":{"line":146,"column":7}},"type":"if","locations":[{"start":{"line":144,"column":6},"end":{"line":146,"column":7}},{"start":{},"end":{}}],"line":144},"7":{"loc":{"start":{"line":164,"column":41},"end":{"line":165,"column":42}},"type":"cond-expr","locations":[{"start":{"line":165,"column":30},"end":{"line":165,"column":35}},{"start":{"line":165,"column":38},"end":{"line":165,"column":42}}],"line":164},"8":{"loc":{"start":{"line":164,"column":42},"end":{"line":165,"column":27}},"type":"binary-expr","locations":[{"start":{"line":164,"column":43},"end":{"line":164,"column":64}},{"start":{"line":165,"column":5},"end":{"line":165,"column":26}}],"line":164},"9":{"loc":{"start":{"line":172,"column":16},"end":{"line":173,"column":46}},"type":"cond-expr","locations":[{"start":{"line":173,"column":34},"end":{"line":173,"column":39}},{"start":{"line":173,"column":42},"end":{"line":173,"column":46}}],"line":172},"10":{"loc":{"start":{"line":172,"column":17},"end":{"line":173,"column":31}},"type":"binary-expr","locations":[{"start":{"line":172,"column":18},"end":{"line":172,"column":39}},{"start":{"line":173,"column":9},"end":{"line":173,"column":30}}],"line":172},"11":{"loc":{"start":{"line":181,"column":4},"end":{"line":183,"column":5}},"type":"if","locations":[{"start":{"line":181,"column":4},"end":{"line":183,"column":5}},{"start":{},"end":{}}],"line":181},"12":{"loc":{"start":{"line":196,"column":4},"end":{"line":200,"column":5}},"type":"if","locations":[{"start":{"line":196,"column":4},"end":{"line":200,"column":5}},{"start":{"line":198,"column":11},"end":{"line":200,"column":5}}],"line":196},"13":{"loc":{"start":{"line":204,"column":4},"end":{"line":206,"column":5}},"type":"if","locations":[{"start":{"line":204,"column":4},"end":{"line":206,"column":5}},{"start":{},"end":{}}],"line":204},"14":{"loc":{"start":{"line":235,"column":4},"end":{"line":237,"column":5}},"type":"if","locations":[{"start":{"line":235,"column":4},"end":{"line":237,"column":5}},{"start":{},"end":{}}],"line":235},"15":{"loc":{"start":{"line":241,"column":28},"end":{"line":241,"column":48}},"type":"cond-expr","locations":[{"start":{"line":241,"column":35},"end":{"line":241,"column":40}},{"start":{"line":241,"column":41},"end":{"line":241,"column":48}}],"line":241},"16":{"loc":{"start":{"line":242,"column":33},"end":{"line":242,"column":53}},"type":"cond-expr","locations":[{"start":{"line":242,"column":40},"end":{"line":242,"column":45}},{"start":{"line":242,"column":46},"end":{"line":242,"column":53}}],"line":242},"17":{"loc":{"start":{"line":305,"column":21},"end":{"line":305,"column":56}},"type":"binary-expr","locations":[{"start":{"line":305,"column":22},"end":{"line":305,"column":35}},{"start":{"line":305,"column":38},"end":{"line":305,"column":56}}],"line":305},"18":{"loc":{"start":{"line":306,"column":21},"end":{"line":306,"column":50}},"type":"binary-expr","locations":[{"start":{"line":306,"column":22},"end":{"line":306,"column":35}},{"start":{"line":306,"column":38},"end":{"line":306,"column":50}}],"line":306},"19":{"loc":{"start":{"line":314,"column":9},"end":{"line":345,"column":17}},"type":"binary-expr","locations":[{"start":{"line":314,"column":9},"end":{"line":314,"column":11}},{"start":{"line":314,"column":13},"end":{"line":345,"column":17}}],"line":314}},"s":{"0":1,"1":0,"2":0,"3":0,"4":0,"5":0,"6":0,"7":0,"8":0,"9":0,"10":1,"11":0,"12":0,"13":0,"14":0,"15":0,"16":0,"17":0,"18":0,"19":0,"20":0,"21":1,"22":0,"23":0,"24":0,"25":0,"26":0,"27":0,"28":0,"29":1,"30":0,"31":0,"32":0,"33":0,"34":0,"35":0,"36":0,"37":1,"38":0,"39":0,"40":0,"41":0,"42":0,"43":0,"44":0,"45":1,"46":0,"47":0,"48":0,"49":0,"50":0,"51":0,"52":0,"53":0,"54":0,"55":0,"56":0,"57":0,"58":0,"59":0,"60":0,"61":0,"62":0,"63":0,"64":0,"65":0,"66":0,"67":0,"68":0,"69":0,"70":0,"71":0,"72":0,"73":0,"74":0,"75":0,"76":0,"77":0,"78":0,"79":0,"80":0,"81":0,"82":0,"83":0,"84":0,"85":0,"86":0,"87":0,"88":0,"89":0,"90":0,"91":0,"92":0,"93":0,"94":0,"95":0,"96":0,"97":0,"98":0,"99":0,"100":0,"101":0,"102":0,"103":0,"104":0,"105":0,"106":0,"107":0,"108":0,"109":0,"110":0,"111":0,"112":0,"113":0,"114":0,"115":0},"f":{"0":0,"1":0,"2":0,"3":0,"4":0,"5":0,"6":0,"7":0,"8":0,"9":0,"10":0,"11":0,"12":0,"13":0,"14":0,"15":0,"16":0,"17":0,"18":0,"19":0,"20":0,"21":0,"22":0,"23":0,"24":0,"25":0,"26":0,"27":0,"28":0,"29":0,"30":0,"31":0,"32":0,"33":0,"34":0,"35":0,"36":0,"37":0,"38":0,"39":0,"40":0,"41":0,"42":0,"43":0,"44":0,"45":0,"46":0,"47":0},"b":{"0":[0,0],"1":[0,0,0,0,0],"2":[0,0],"3":[0,0],"4":[0,0],"5":[0,0],"6":[0,0],"7":[0,0],"8":[0,0],"9":[0,0],"10":[0,0],"11":[0,0],"12":[0,0],"13":[0,0],"14":[0,0],"15":[0,0],"16":[0,0],"17":[0,0],"18":[0,0],"19":[0,0]},"_coverageSchema":"1a1c01bbd47fc00a2c39e90264f33305004495a9","hash":"2ebb87b5379823a864fa652cd6413164babf6c4f"}
,"C:\\Users\\Christie\\Desktop\\CSE 186\\Assignment8\\frontend\\src\\components\\SharedContext.js": {"path":"C:\\Users\\Christie\\Desktop\\CSE 186\\Assignment8\\frontend\\src\\components\\SharedContext.js","statementMap":{"0":{"start":{"line":2,"column":22},"end":{"line":2,"column":43}}},"fnMap":{},"branchMap":{},"s":{"0":1},"f":{},"b":{},"_coverageSchema":"1a1c01bbd47fc00a2c39e90264f33305004495a9","hash":"3a4ab58b9fdc43022ed31edc7948192d436dffca"}
,"C:\\Users\\Christie\\Desktop\\CSE 186\\Assignment8\\frontend\\src\\components\\TopBar.jsx": {"path":"C:\\Users\\Christie\\Desktop\\CSE 186\\Assignment8\\frontend\\src\\components\\TopBar.jsx","statementMap":{"0":{"start":{"line":22,"column":21},"end":{"line":52,"column":1}},"1":{"start":{"line":23,"column":15},"end":{"line":23,"column":55}},"2":{"start":{"line":24,"column":2},"end":{"line":51,"column":7}},"3":{"start":{"line":32,"column":6},"end":{"line":34,"column":7}},"4":{"start":{"line":33,"column":8},"end":{"line":33,"column":23}},"5":{"start":{"line":35,"column":6},"end":{"line":35,"column":29}},"6":{"start":{"line":38,"column":17},"end":{"line":38,"column":19}},"7":{"start":{"line":39,"column":6},"end":{"line":41,"column":7}},"8":{"start":{"line":39,"column":19},"end":{"line":39,"column":20}},"9":{"start":{"line":40,"column":8},"end":{"line":40,"column":44}},"10":{"start":{"line":42,"column":6},"end":{"line":42,"column":16}},"11":{"start":{"line":43,"column":19},"end":{"line":45,"column":60}},"12":{"start":{"line":43,"column":39},"end":{"line":45,"column":58}},"13":{"start":{"line":46,"column":6},"end":{"line":46,"column":18}},"14":{"start":{"line":49,"column":6},"end":{"line":49,"column":25}},"15":{"start":{"line":50,"column":6},"end":{"line":50,"column":16}},"16":{"start":{"line":54,"column":18},"end":{"line":78,"column":1}},"17":{"start":{"line":55,"column":15},"end":{"line":55,"column":55}},"18":{"start":{"line":56,"column":14},"end":{"line":56,"column":41}},"19":{"start":{"line":57,"column":19},"end":{"line":57,"column":63}},"20":{"start":{"line":58,"column":2},"end":{"line":77,"column":7}},"21":{"start":{"line":66,"column":6},"end":{"line":68,"column":7}},"22":{"start":{"line":67,"column":8},"end":{"line":67,"column":23}},"23":{"start":{"line":69,"column":6},"end":{"line":69,"column":29}},"24":{"start":{"line":72,"column":6},"end":{"line":72,"column":21}},"25":{"start":{"line":75,"column":6},"end":{"line":75,"column":25}},"26":{"start":{"line":76,"column":6},"end":{"line":76,"column":19}},"27":{"start":{"line":80,"column":20},"end":{"line":80,"column":23}},"28":{"start":{"line":82,"column":14},"end":{"line":92,"column":2}},"29":{"start":{"line":94,"column":15},"end":{"line":114,"column":2}},"30":{"start":{"line":94,"column":27},"end":{"line":114,"column":1}},"31":{"start":{"line":120,"column":17},"end":{"line":123,"column":3}},"32":{"start":{"line":121,"column":4},"end":{"line":121,"column":36}},"33":{"start":{"line":122,"column":4},"end":{"line":122,"column":58}},"34":{"start":{"line":125,"column":28},"end":{"line":125,"column":46}},"35":{"start":{"line":126,"column":36},"end":{"line":126,"column":57}},"36":{"start":{"line":127,"column":32},"end":{"line":127,"column":50}},"37":{"start":{"line":129,"column":29},"end":{"line":129,"column":60}},"38":{"start":{"line":131,"column":12},"end":{"line":131,"column":25}},"39":{"start":{"line":132,"column":26},"end":{"line":133,"column":43}},"40":{"start":{"line":135,"column":29},"end":{"line":135,"column":47}},"41":{"start":{"line":136,"column":28},"end":{"line":136,"column":46}},"42":{"start":{"line":137,"column":25},"end":{"line":140,"column":3}},"43":{"start":{"line":138,"column":4},"end":{"line":138,"column":23}},"44":{"start":{"line":139,"column":4},"end":{"line":139,"column":23}},"45":{"start":{"line":142,"column":2},"end":{"line":152,"column":16}},"46":{"start":{"line":143,"column":4},"end":{"line":143,"column":33}},"47":{"start":{"line":144,"column":4},"end":{"line":144,"column":32}},"48":{"start":{"line":145,"column":21},"end":{"line":149,"column":5}},"49":{"start":{"line":146,"column":16},"end":{"line":147,"column":46}},"50":{"start":{"line":148,"column":6},"end":{"line":148,"column":15}},"51":{"start":{"line":150,"column":4},"end":{"line":150,"column":48}},"52":{"start":{"line":151,"column":4},"end":{"line":151,"column":64}},"53":{"start":{"line":151,"column":17},"end":{"line":151,"column":63}},"54":{"start":{"line":154,"column":18},"end":{"line":158,"column":3}},"55":{"start":{"line":155,"column":4},"end":{"line":155,"column":23}},"56":{"start":{"line":156,"column":4},"end":{"line":156,"column":18}},"57":{"start":{"line":157,"column":4},"end":{"line":157,"column":19}},"58":{"start":{"line":160,"column":24},"end":{"line":164,"column":3}},"59":{"start":{"line":161,"column":4},"end":{"line":161,"column":24}},"60":{"start":{"line":162,"column":4},"end":{"line":162,"column":22}},"61":{"start":{"line":163,"column":4},"end":{"line":163,"column":19}},"62":{"start":{"line":166,"column":22},"end":{"line":169,"column":3}},"63":{"start":{"line":167,"column":4},"end":{"line":167,"column":17}},"64":{"start":{"line":168,"column":4},"end":{"line":168,"column":19}},"65":{"start":{"line":171,"column":22},"end":{"line":175,"column":3}},"66":{"start":{"line":172,"column":4},"end":{"line":172,"column":20}},"67":{"start":{"line":173,"column":4},"end":{"line":173,"column":18}},"68":{"start":{"line":174,"column":4},"end":{"line":174,"column":23}},"69":{"start":{"line":177,"column":20},"end":{"line":183,"column":3}},"70":{"start":{"line":178,"column":4},"end":{"line":178,"column":19}},"71":{"start":{"line":179,"column":4},"end":{"line":179,"column":22}},"72":{"start":{"line":180,"column":4},"end":{"line":180,"column":19}},"73":{"start":{"line":181,"column":4},"end":{"line":181,"column":20}},"74":{"start":{"line":182,"column":4},"end":{"line":182,"column":22}},"75":{"start":{"line":185,"column":2},"end":{"line":361,"column":4}},"76":{"start":{"line":191,"column":14},"end":{"line":191,"column":31}},"77":{"start":{"line":198,"column":27},"end":{"line":198,"column":42}},"78":{"start":{"line":213,"column":29},"end":{"line":213,"column":45}},"79":{"start":{"line":215,"column":16},"end":{"line":215,"column":47}},"80":{"start":{"line":216,"column":16},"end":{"line":216,"column":66}},"81":{"start":{"line":229,"column":29},"end":{"line":229,"column":42}},"82":{"start":{"line":242,"column":27},"end":{"line":242,"column":40}},"83":{"start":{"line":257,"column":43},"end":{"line":257,"column":61}},"84":{"start":{"line":266,"column":43},"end":{"line":266,"column":63}},"85":{"start":{"line":274,"column":43},"end":{"line":274,"column":60}},"86":{"start":{"line":280,"column":43},"end":{"line":280,"column":61}},"87":{"start":{"line":286,"column":43},"end":{"line":286,"column":61}},"88":{"start":{"line":296,"column":14},"end":{"line":302,"column":31}},"89":{"start":{"line":296,"column":45},"end":{"line":296,"column":65}},"90":{"start":{"line":327,"column":12},"end":{"line":356,"column":23}},"91":{"start":{"line":330,"column":31},"end":{"line":330,"column":47}}},"fnMap":{"0":{"name":"(anonymous_0)","decl":{"start":{"line":22,"column":21},"end":{"line":22,"column":22}},"loc":{"start":{"line":22,"column":40},"end":{"line":52,"column":1}},"line":22},"1":{"name":"(anonymous_1)","decl":{"start":{"line":31,"column":10},"end":{"line":31,"column":11}},"loc":{"start":{"line":31,"column":24},"end":{"line":36,"column":5}},"line":31},"2":{"name":"(anonymous_2)","decl":{"start":{"line":37,"column":10},"end":{"line":37,"column":11}},"loc":{"start":{"line":37,"column":20},"end":{"line":47,"column":5}},"line":37},"3":{"name":"(anonymous_3)","decl":{"start":{"line":43,"column":31},"end":{"line":43,"column":32}},"loc":{"start":{"line":43,"column":39},"end":{"line":45,"column":58}},"line":43},"4":{"name":"(anonymous_4)","decl":{"start":{"line":48,"column":11},"end":{"line":48,"column":12}},"loc":{"start":{"line":48,"column":22},"end":{"line":51,"column":5}},"line":48},"5":{"name":"(anonymous_5)","decl":{"start":{"line":54,"column":18},"end":{"line":54,"column":19}},"loc":{"start":{"line":54,"column":41},"end":{"line":78,"column":1}},"line":54},"6":{"name":"(anonymous_6)","decl":{"start":{"line":65,"column":10},"end":{"line":65,"column":11}},"loc":{"start":{"line":65,"column":24},"end":{"line":70,"column":5}},"line":65},"7":{"name":"(anonymous_7)","decl":{"start":{"line":71,"column":10},"end":{"line":71,"column":11}},"loc":{"start":{"line":71,"column":20},"end":{"line":73,"column":5}},"line":71},"8":{"name":"(anonymous_8)","decl":{"start":{"line":74,"column":11},"end":{"line":74,"column":12}},"loc":{"start":{"line":74,"column":22},"end":{"line":77,"column":5}},"line":74},"9":{"name":"(anonymous_9)","decl":{"start":{"line":94,"column":15},"end":{"line":94,"column":16}},"loc":{"start":{"line":94,"column":27},"end":{"line":114,"column":1}},"line":94},"10":{"name":"TopBar","decl":{"start":{"line":119,"column":9},"end":{"line":119,"column":15}},"loc":{"start":{"line":119,"column":18},"end":{"line":362,"column":1}},"line":119},"11":{"name":"(anonymous_11)","decl":{"start":{"line":120,"column":17},"end":{"line":120,"column":18}},"loc":{"start":{"line":120,"column":23},"end":{"line":123,"column":3}},"line":120},"12":{"name":"(anonymous_12)","decl":{"start":{"line":137,"column":25},"end":{"line":137,"column":26}},"loc":{"start":{"line":137,"column":31},"end":{"line":140,"column":3}},"line":137},"13":{"name":"(anonymous_13)","decl":{"start":{"line":142,"column":18},"end":{"line":142,"column":19}},"loc":{"start":{"line":142,"column":24},"end":{"line":152,"column":3}},"line":142},"14":{"name":"(anonymous_14)","decl":{"start":{"line":145,"column":21},"end":{"line":145,"column":22}},"loc":{"start":{"line":145,"column":27},"end":{"line":149,"column":5}},"line":145},"15":{"name":"(anonymous_15)","decl":{"start":{"line":151,"column":11},"end":{"line":151,"column":12}},"loc":{"start":{"line":151,"column":17},"end":{"line":151,"column":63}},"line":151},"16":{"name":"(anonymous_16)","decl":{"start":{"line":154,"column":18},"end":{"line":154,"column":19}},"loc":{"start":{"line":154,"column":26},"end":{"line":158,"column":3}},"line":154},"17":{"name":"(anonymous_17)","decl":{"start":{"line":160,"column":24},"end":{"line":160,"column":25}},"loc":{"start":{"line":160,"column":30},"end":{"line":164,"column":3}},"line":160},"18":{"name":"(anonymous_18)","decl":{"start":{"line":166,"column":22},"end":{"line":166,"column":23}},"loc":{"start":{"line":166,"column":28},"end":{"line":169,"column":3}},"line":166},"19":{"name":"(anonymous_19)","decl":{"start":{"line":171,"column":22},"end":{"line":171,"column":23}},"loc":{"start":{"line":171,"column":28},"end":{"line":175,"column":3}},"line":171},"20":{"name":"(anonymous_20)","decl":{"start":{"line":177,"column":20},"end":{"line":177,"column":21}},"loc":{"start":{"line":177,"column":28},"end":{"line":183,"column":3}},"line":177},"21":{"name":"(anonymous_21)","decl":{"start":{"line":190,"column":21},"end":{"line":190,"column":22}},"loc":{"start":{"line":190,"column":27},"end":{"line":192,"column":13}},"line":190},"22":{"name":"(anonymous_22)","decl":{"start":{"line":198,"column":21},"end":{"line":198,"column":22}},"loc":{"start":{"line":198,"column":27},"end":{"line":198,"column":42}},"line":198},"23":{"name":"(anonymous_23)","decl":{"start":{"line":213,"column":23},"end":{"line":213,"column":24}},"loc":{"start":{"line":213,"column":29},"end":{"line":213,"column":45}},"line":213},"24":{"name":"(anonymous_24)","decl":{"start":{"line":214,"column":23},"end":{"line":214,"column":24}},"loc":{"start":{"line":214,"column":34},"end":{"line":217,"column":15}},"line":214},"25":{"name":"(anonymous_25)","decl":{"start":{"line":229,"column":23},"end":{"line":229,"column":24}},"loc":{"start":{"line":229,"column":29},"end":{"line":229,"column":42}},"line":229},"26":{"name":"(anonymous_26)","decl":{"start":{"line":242,"column":21},"end":{"line":242,"column":22}},"loc":{"start":{"line":242,"column":27},"end":{"line":242,"column":40}},"line":242},"27":{"name":"(anonymous_27)","decl":{"start":{"line":257,"column":37},"end":{"line":257,"column":38}},"loc":{"start":{"line":257,"column":43},"end":{"line":257,"column":61}},"line":257},"28":{"name":"(anonymous_28)","decl":{"start":{"line":266,"column":37},"end":{"line":266,"column":38}},"loc":{"start":{"line":266,"column":43},"end":{"line":266,"column":63}},"line":266},"29":{"name":"(anonymous_29)","decl":{"start":{"line":274,"column":37},"end":{"line":274,"column":38}},"loc":{"start":{"line":274,"column":43},"end":{"line":274,"column":60}},"line":274},"30":{"name":"(anonymous_30)","decl":{"start":{"line":280,"column":37},"end":{"line":280,"column":38}},"loc":{"start":{"line":280,"column":43},"end":{"line":280,"column":61}},"line":280},"31":{"name":"(anonymous_31)","decl":{"start":{"line":286,"column":37},"end":{"line":286,"column":38}},"loc":{"start":{"line":286,"column":43},"end":{"line":286,"column":61}},"line":286},"32":{"name":"(anonymous_32)","decl":{"start":{"line":295,"column":25},"end":{"line":295,"column":26}},"loc":{"start":{"line":296,"column":14},"end":{"line":302,"column":31}},"line":296},"33":{"name":"(anonymous_33)","decl":{"start":{"line":296,"column":39},"end":{"line":296,"column":40}},"loc":{"start":{"line":296,"column":45},"end":{"line":296,"column":65}},"line":296},"34":{"name":"(anonymous_34)","decl":{"start":{"line":326,"column":21},"end":{"line":326,"column":22}},"loc":{"start":{"line":327,"column":12},"end":{"line":356,"column":23}},"line":327},"35":{"name":"(anonymous_35)","decl":{"start":{"line":330,"column":25},"end":{"line":330,"column":26}},"loc":{"start":{"line":330,"column":31},"end":{"line":330,"column":47}},"line":330}},"branchMap":{"0":{"loc":{"start":{"line":32,"column":6},"end":{"line":34,"column":7}},"type":"if","locations":[{"start":{"line":32,"column":6},"end":{"line":34,"column":7}},{"start":{},"end":{}}],"line":32},"1":{"loc":{"start":{"line":43,"column":39},"end":{"line":45,"column":58}},"type":"binary-expr","locations":[{"start":{"line":43,"column":40},"end":{"line":43,"column":61}},{"start":{"line":44,"column":9},"end":{"line":44,"column":30}},{"start":{"line":44,"column":34},"end":{"line":44,"column":54}},{"start":{"line":45,"column":9},"end":{"line":45,"column":32}},{"start":{"line":45,"column":36},"end":{"line":45,"column":57}}],"line":43},"2":{"loc":{"start":{"line":66,"column":6},"end":{"line":68,"column":7}},"type":"if","locations":[{"start":{"line":66,"column":6},"end":{"line":68,"column":7}},{"start":{},"end":{}}],"line":66},"3":{"loc":{"start":{"line":132,"column":41},"end":{"line":133,"column":42}},"type":"cond-expr","locations":[{"start":{"line":133,"column":30},"end":{"line":133,"column":35}},{"start":{"line":133,"column":38},"end":{"line":133,"column":42}}],"line":132},"4":{"loc":{"start":{"line":132,"column":42},"end":{"line":133,"column":27}},"type":"binary-expr","locations":[{"start":{"line":132,"column":43},"end":{"line":132,"column":64}},{"start":{"line":133,"column":5},"end":{"line":133,"column":26}}],"line":132},"5":{"loc":{"start":{"line":146,"column":16},"end":{"line":147,"column":46}},"type":"cond-expr","locations":[{"start":{"line":147,"column":34},"end":{"line":147,"column":39}},{"start":{"line":147,"column":42},"end":{"line":147,"column":46}}],"line":146},"6":{"loc":{"start":{"line":146,"column":17},"end":{"line":147,"column":31}},"type":"binary-expr","locations":[{"start":{"line":146,"column":18},"end":{"line":146,"column":39}},{"start":{"line":147,"column":9},"end":{"line":147,"column":30}}],"line":146},"7":{"loc":{"start":{"line":187,"column":50},"end":{"line":187,"column":70}},"type":"cond-expr","locations":[{"start":{"line":187,"column":57},"end":{"line":187,"column":62}},{"start":{"line":187,"column":63},"end":{"line":187,"column":70}}],"line":187},"8":{"loc":{"start":{"line":189,"column":11},"end":{"line":196,"column":23}},"type":"binary-expr","locations":[{"start":{"line":189,"column":13},"end":{"line":189,"column":23}},{"start":{"line":189,"column":27},"end":{"line":189,"column":33}},{"start":{"line":189,"column":37},"end":{"line":196,"column":23}}],"line":189},"9":{"loc":{"start":{"line":197,"column":11},"end":{"line":202,"column":23}},"type":"binary-expr","locations":[{"start":{"line":197,"column":11},"end":{"line":197,"column":20}},{"start":{"line":197,"column":22},"end":{"line":202,"column":23}}],"line":197},"10":{"loc":{"start":{"line":227,"column":11},"end":{"line":240,"column":16}},"type":"binary-expr","locations":[{"start":{"line":227,"column":12},"end":{"line":227,"column":22}},{"start":{"line":227,"column":25},"end":{"line":240,"column":16}}],"line":227},"11":{"loc":{"start":{"line":241,"column":11},"end":{"line":246,"column":29}},"type":"binary-expr","locations":[{"start":{"line":241,"column":11},"end":{"line":241,"column":20}},{"start":{"line":241,"column":22},"end":{"line":246,"column":29}}],"line":241},"12":{"loc":{"start":{"line":249,"column":23},"end":{"line":249,"column":55}},"type":"cond-expr","locations":[{"start":{"line":249,"column":31},"end":{"line":249,"column":43}},{"start":{"line":249,"column":44},"end":{"line":249,"column":55}}],"line":249},"13":{"loc":{"start":{"line":250,"column":12},"end":{"line":250,"column":47}},"type":"cond-expr","locations":[{"start":{"line":250,"column":21},"end":{"line":250,"column":33}},{"start":{"line":250,"column":34},"end":{"line":250,"column":47}}],"line":250},"14":{"loc":{"start":{"line":301,"column":17},"end":{"line":301,"column":65}},"type":"binary-expr","locations":[{"start":{"line":301,"column":18},"end":{"line":301,"column":29}},{"start":{"line":301,"column":32},"end":{"line":301,"column":65}}],"line":301},"15":{"loc":{"start":{"line":321,"column":7},"end":{"line":359,"column":12}},"type":"binary-expr","locations":[{"start":{"line":321,"column":7},"end":{"line":321,"column":16}},{"start":{"line":322,"column":6},"end":{"line":359,"column":12}}],"line":321},"16":{"loc":{"start":{"line":324,"column":32},"end":{"line":324,"column":52}},"type":"cond-expr","locations":[{"start":{"line":324,"column":39},"end":{"line":324,"column":44}},{"start":{"line":324,"column":45},"end":{"line":324,"column":52}}],"line":324},"17":{"loc":{"start":{"line":325,"column":18},"end":{"line":325,"column":56}},"type":"cond-expr","locations":[{"start":{"line":325,"column":26},"end":{"line":325,"column":32}},{"start":{"line":325,"column":34},"end":{"line":325,"column":55}}],"line":325}},"s":{"0":1,"1":0,"2":0,"3":0,"4":0,"5":0,"6":0,"7":0,"8":0,"9":0,"10":0,"11":0,"12":0,"13":0,"14":0,"15":0,"16":1,"17":0,"18":0,"19":0,"20":0,"21":0,"22":0,"23":0,"24":0,"25":0,"26":0,"27":1,"28":1,"29":1,"30":0,"31":0,"32":0,"33":0,"34":0,"35":0,"36":0,"37":0,"38":0,"39":0,"40":0,"41":0,"42":0,"43":0,"44":0,"45":0,"46":0,"47":0,"48":0,"49":0,"50":0,"51":0,"52":0,"53":0,"54":0,"55":0,"56":0,"57":0,"58":0,"59":0,"60":0,"61":0,"62":0,"63":0,"64":0,"65":0,"66":0,"67":0,"68":0,"69":0,"70":0,"71":0,"72":0,"73":0,"74":0,"75":0,"76":0,"77":0,"78":0,"79":0,"80":0,"81":0,"82":0,"83":0,"84":0,"85":0,"86":0,"87":0,"88":0,"89":0,"90":0,"91":0},"f":{"0":0,"1":0,"2":0,"3":0,"4":0,"5":0,"6":0,"7":0,"8":0,"9":0,"10":0,"11":0,"12":0,"13":0,"14":0,"15":0,"16":0,"17":0,"18":0,"19":0,"20":0,"21":0,"22":0,"23":0,"24":0,"25":0,"26":0,"27":0,"28":0,"29":0,"30":0,"31":0,"32":0,"33":0,"34":0,"35":0},"b":{"0":[0,0],"1":[0,0,0,0,0],"2":[0,0],"3":[0,0],"4":[0,0],"5":[0,0],"6":[0,0],"7":[0,0],"8":[0,0,0],"9":[0,0],"10":[0,0],"11":[0,0],"12":[0,0],"13":[0,0],"14":[0,0],"15":[0,0],"16":[0,0],"17":[0,0]},"_coverageSchema":"1a1c01bbd47fc00a2c39e90264f33305004495a9","hash":"16c356520dadb8efe95b65ea6dd1426fcef8526e"}
}
