{"C:\\Users\\Christie\\Desktop\\CSE 186\\Assignment8\\backend\\src\\app.js": {"path":"C:\\Users\\Christie\\Desktop\\CSE 186\\Assignment8\\backend\\src\\app.js","statementMap":{"0":{"start":{"line":1,"column":16},"end":{"line":1,"column":34}},"1":{"start":{"line":2,"column":13},"end":{"line":2,"column":28}},"2":{"start":{"line":3,"column":13},"end":{"line":3,"column":31}},"3":{"start":{"line":4,"column":18},"end":{"line":4,"column":47}},"4":{"start":{"line":5,"column":11},"end":{"line":5,"column":24}},"5":{"start":{"line":6,"column":13},"end":{"line":6,"column":28}},"6":{"start":{"line":7,"column":25},"end":{"line":7,"column":61}},"7":{"start":{"line":10,"column":14},"end":{"line":10,"column":32}},"8":{"start":{"line":11,"column":13},"end":{"line":11,"column":30}},"9":{"start":{"line":12,"column":13},"end":{"line":12,"column":30}},"10":{"start":{"line":14,"column":12},"end":{"line":14,"column":21}},"11":{"start":{"line":15,"column":0},"end":{"line":15,"column":16}},"12":{"start":{"line":16,"column":0},"end":{"line":16,"column":24}},"13":{"start":{"line":17,"column":0},"end":{"line":17,"column":47}},"14":{"start":{"line":19,"column":16},"end":{"line":19,"column":59}},"15":{"start":{"line":21,"column":15},"end":{"line":21,"column":58}},"16":{"start":{"line":22,"column":0},"end":{"line":22,"column":66}},"17":{"start":{"line":24,"column":0},"end":{"line":30,"column":2}},"18":{"start":{"line":32,"column":0},"end":{"line":32,"column":32}},"19":{"start":{"line":33,"column":0},"end":{"line":33,"column":34}},"20":{"start":{"line":34,"column":0},"end":{"line":34,"column":45}},"21":{"start":{"line":35,"column":0},"end":{"line":35,"column":50}},"22":{"start":{"line":36,"column":0},"end":{"line":36,"column":52}},"23":{"start":{"line":37,"column":0},"end":{"line":37,"column":52}},"24":{"start":{"line":38,"column":0},"end":{"line":38,"column":54}},"25":{"start":{"line":40,"column":0},"end":{"line":40,"column":46}},"26":{"start":{"line":41,"column":0},"end":{"line":41,"column":44}},"27":{"start":{"line":43,"column":0},"end":{"line":49,"column":3}},"28":{"start":{"line":44,"column":2},"end":{"line":48,"column":5}},"29":{"start":{"line":51,"column":0},"end":{"line":51,"column":21}}},"fnMap":{"0":{"name":"(anonymous_0)","decl":{"start":{"line":43,"column":8},"end":{"line":43,"column":9}},"loc":{"start":{"line":43,"column":33},"end":{"line":49,"column":1}},"line":43}},"branchMap":{},"s":{"0":2,"1":2,"2":2,"3":2,"4":2,"5":2,"6":2,"7":2,"8":2,"9":2,"10":2,"11":2,"12":2,"13":2,"14":2,"15":2,"16":2,"17":2,"18":2,"19":2,"20":2,"21":2,"22":2,"23":2,"24":2,"25":2,"26":2,"27":2,"28":3,"29":2},"f":{"0":3},"b":{},"_coverageSchema":"1a1c01bbd47fc00a2c39e90264f33305004495a9","hash":"cc2ca44025111188b80b9c53512e7606f29fc005"}
,"C:\\Users\\Christie\\Desktop\\CSE 186\\Assignment8\\backend\\src\\auth.js": {"path":"C:\\Users\\Christie\\Desktop\\CSE 186\\Assignment8\\backend\\src\\auth.js","statementMap":{"0":{"start":{"line":1,"column":12},"end":{"line":1,"column":35}},"1":{"start":{"line":2,"column":15},"end":{"line":2,"column":28}},"2":{"start":{"line":3,"column":13},"end":{"line":3,"column":30}},"3":{"start":{"line":6,"column":13},"end":{"line":12,"column":2}},"4":{"start":{"line":14,"column":16},"end":{"line":18,"column":1}},"5":{"start":{"line":20,"column":0},"end":{"line":44,"column":2}},"6":{"start":{"line":21,"column":31},"end":{"line":21,"column":39}},"7":{"start":{"line":22,"column":17},"end":{"line":22,"column":58}},"8":{"start":{"line":23,"column":16},"end":{"line":26,"column":3}},"9":{"start":{"line":27,"column":17},"end":{"line":27,"column":40}},"10":{"start":{"line":28,"column":2},"end":{"line":43,"column":3}},"11":{"start":{"line":29,"column":4},"end":{"line":40,"column":5}},"12":{"start":{"line":30,"column":24},"end":{"line":35,"column":8}},"13":{"start":{"line":36,"column":4},"end":{"line":36,"column":70}},"14":{"start":{"line":39,"column":6},"end":{"line":39,"column":50}},"15":{"start":{"line":42,"column":4},"end":{"line":42,"column":48}},"16":{"start":{"line":47,"column":0},"end":{"line":57,"column":2}},"17":{"start":{"line":48,"column":21},"end":{"line":48,"column":46}},"18":{"start":{"line":49,"column":16},"end":{"line":49,"column":40}},"19":{"start":{"line":50,"column":2},"end":{"line":56,"column":5}},"20":{"start":{"line":51,"column":4},"end":{"line":53,"column":5}},"21":{"start":{"line":52,"column":6},"end":{"line":52,"column":33}},"22":{"start":{"line":54,"column":4},"end":{"line":54,"column":20}},"23":{"start":{"line":55,"column":4},"end":{"line":55,"column":11}}},"fnMap":{"0":{"name":"(anonymous_0)","decl":{"start":{"line":20,"column":16},"end":{"line":20,"column":17}},"loc":{"start":{"line":20,"column":36},"end":{"line":44,"column":1}},"line":20},"1":{"name":"(anonymous_1)","decl":{"start":{"line":47,"column":16},"end":{"line":47,"column":17}},"loc":{"start":{"line":47,"column":36},"end":{"line":57,"column":1}},"line":47},"2":{"name":"(anonymous_2)","decl":{"start":{"line":50,"column":41},"end":{"line":50,"column":42}},"loc":{"start":{"line":50,"column":56},"end":{"line":56,"column":3}},"line":50}},"branchMap":{"0":{"loc":{"start":{"line":28,"column":2},"end":{"line":43,"column":3}},"type":"if","locations":[{"start":{"line":28,"column":2},"end":{"line":43,"column":3}},{"start":{"line":41,"column":9},"end":{"line":43,"column":3}}],"line":28},"1":{"loc":{"start":{"line":29,"column":4},"end":{"line":40,"column":5}},"type":"if","locations":[{"start":{"line":29,"column":4},"end":{"line":40,"column":5}},{"start":{"line":38,"column":9},"end":{"line":40,"column":5}}],"line":29},"2":{"loc":{"start":{"line":51,"column":4},"end":{"line":53,"column":5}},"type":"if","locations":[{"start":{"line":51,"column":4},"end":{"line":53,"column":5}},{"start":{},"end":{}}],"line":51}},"s":{"0":2,"1":2,"2":2,"3":2,"4":2,"5":2,"6":40,"7":40,"8":40,"9":40,"10":40,"11":39,"12":38,"13":38,"14":1,"15":1,"16":2,"17":54,"18":54,"19":54,"20":54,"21":1,"22":53,"23":53},"f":{"0":40,"1":54,"2":54},"b":{"0":[39,1],"1":[38,1],"2":[1,53]},"_coverageSchema":"1a1c01bbd47fc00a2c39e90264f33305004495a9","hash":"d11b5718eb1d80a496cdfdfcbc207dc67094d3ae"}
,"C:\\Users\\Christie\\Desktop\\CSE 186\\Assignment8\\backend\\src\\db.js": {"path":"C:\\Users\\Christie\\Desktop\\CSE 186\\Assignment8\\backend\\src\\db.js","statementMap":{"0":{"start":{"line":1,"column":15},"end":{"line":1,"column":28}},"1":{"start":{"line":3,"column":13},"end":{"line":9,"column":2}},"2":{"start":{"line":11,"column":16},"end":{"line":13,"column":50}},"3":{"start":{"line":22,"column":2},"end":{"line":22,"column":31}},"4":{"start":{"line":30,"column":16},"end":{"line":30,"column":26}},"5":{"start":{"line":31,"column":12},"end":{"line":31,"column":24}},"6":{"start":{"line":32,"column":12},"end":{"line":32,"column":27}},"7":{"start":{"line":33,"column":16},"end":{"line":33,"column":63}},"8":{"start":{"line":34,"column":2},"end":{"line":38,"column":3}},"9":{"start":{"line":35,"column":4},"end":{"line":35,"column":17}},"10":{"start":{"line":37,"column":4},"end":{"line":37,"column":16}},"11":{"start":{"line":46,"column":16},"end":{"line":58,"column":7}},"12":{"start":{"line":47,"column":18},"end":{"line":58,"column":5}},"13":{"start":{"line":59,"column":2},"end":{"line":59,"column":23}},"14":{"start":{"line":60,"column":16},"end":{"line":60,"column":26}},"15":{"start":{"line":61,"column":17},"end":{"line":77,"column":7}},"16":{"start":{"line":62,"column":24},"end":{"line":64,"column":54}},"17":{"start":{"line":65,"column":21},"end":{"line":77,"column":5}},"18":{"start":{"line":78,"column":2},"end":{"line":83,"column":3}},"19":{"start":{"line":78,"column":15},"end":{"line":78,"column":16}},"20":{"start":{"line":79,"column":4},"end":{"line":80,"column":56}},"21":{"start":{"line":81,"column":4},"end":{"line":81,"column":26}},"22":{"start":{"line":82,"column":4},"end":{"line":82,"column":18}},"23":{"start":{"line":84,"column":2},"end":{"line":84,"column":35}},"24":{"start":{"line":85,"column":21},"end":{"line":100,"column":7}},"25":{"start":{"line":86,"column":24},"end":{"line":88,"column":54}},"26":{"start":{"line":89,"column":21},"end":{"line":100,"column":5}},"27":{"start":{"line":101,"column":2},"end":{"line":103,"column":3}},"28":{"start":{"line":101,"column":15},"end":{"line":101,"column":16}},"29":{"start":{"line":102,"column":4},"end":{"line":102,"column":18}},"30":{"start":{"line":104,"column":14},"end":{"line":105,"column":52}},"31":{"start":{"line":106,"column":18},"end":{"line":121,"column":7}},"32":{"start":{"line":107,"column":24},"end":{"line":107,"column":42}},"33":{"start":{"line":108,"column":21},"end":{"line":121,"column":5}},"34":{"start":{"line":122,"column":2},"end":{"line":124,"column":3}},"35":{"start":{"line":122,"column":15},"end":{"line":122,"column":16}},"36":{"start":{"line":123,"column":4},"end":{"line":123,"column":18}},"37":{"start":{"line":125,"column":17},"end":{"line":137,"column":7}},"38":{"start":{"line":126,"column":21},"end":{"line":137,"column":5}},"39":{"start":{"line":138,"column":12},"end":{"line":138,"column":54}},"40":{"start":{"line":139,"column":2},"end":{"line":139,"column":11}},"41":{"start":{"line":142,"column":0},"end":{"line":299,"column":2}},"42":{"start":{"line":143,"column":2},"end":{"line":298,"column":3}},"43":{"start":{"line":144,"column":4},"end":{"line":212,"column":5}},"44":{"start":{"line":146,"column":6},"end":{"line":153,"column":7}},"45":{"start":{"line":147,"column":8},"end":{"line":149,"column":74}},"46":{"start":{"line":151,"column":8},"end":{"line":152,"column":72}},"47":{"start":{"line":154,"column":19},"end":{"line":157,"column":7}},"48":{"start":{"line":158,"column":21},"end":{"line":158,"column":44}},"49":{"start":{"line":159,"column":18},"end":{"line":159,"column":20}},"50":{"start":{"line":160,"column":6},"end":{"line":162,"column":7}},"51":{"start":{"line":161,"column":8},"end":{"line":161,"column":24}},"52":{"start":{"line":163,"column":6},"end":{"line":165,"column":7}},"53":{"start":{"line":164,"column":8},"end":{"line":164,"column":18}},"54":{"start":{"line":166,"column":6},"end":{"line":177,"column":10}},"55":{"start":{"line":166,"column":33},"end":{"line":177,"column":7}},"56":{"start":{"line":178,"column":6},"end":{"line":178,"column":31}},"57":{"start":{"line":180,"column":21},"end":{"line":186,"column":66}},"58":{"start":{"line":187,"column":19},"end":{"line":190,"column":7}},"59":{"start":{"line":191,"column":21},"end":{"line":191,"column":44}},"60":{"start":{"line":192,"column":18},"end":{"line":192,"column":20}},"61":{"start":{"line":193,"column":6},"end":{"line":195,"column":7}},"62":{"start":{"line":194,"column":8},"end":{"line":194,"column":24}},"63":{"start":{"line":196,"column":6},"end":{"line":198,"column":7}},"64":{"start":{"line":197,"column":8},"end":{"line":197,"column":18}},"65":{"start":{"line":199,"column":6},"end":{"line":210,"column":10}},"66":{"start":{"line":199,"column":33},"end":{"line":210,"column":7}},"67":{"start":{"line":211,"column":6},"end":{"line":211,"column":31}},"68":{"start":{"line":213,"column":9},"end":{"line":298,"column":3}},"69":{"start":{"line":214,"column":19},"end":{"line":216,"column":32}},"70":{"start":{"line":217,"column":18},"end":{"line":220,"column":5}},"71":{"start":{"line":221,"column":19},"end":{"line":221,"column":42}},"72":{"start":{"line":222,"column":16},"end":{"line":222,"column":18}},"73":{"start":{"line":223,"column":4},"end":{"line":225,"column":5}},"74":{"start":{"line":224,"column":6},"end":{"line":224,"column":22}},"75":{"start":{"line":226,"column":4},"end":{"line":228,"column":5}},"76":{"start":{"line":227,"column":6},"end":{"line":227,"column":16}},"77":{"start":{"line":229,"column":4},"end":{"line":240,"column":8}},"78":{"start":{"line":229,"column":31},"end":{"line":240,"column":5}},"79":{"start":{"line":241,"column":4},"end":{"line":241,"column":29}},"80":{"start":{"line":242,"column":9},"end":{"line":298,"column":3}},"81":{"start":{"line":243,"column":19},"end":{"line":244,"column":63}},"82":{"start":{"line":245,"column":18},"end":{"line":248,"column":5}},"83":{"start":{"line":249,"column":19},"end":{"line":249,"column":42}},"84":{"start":{"line":250,"column":16},"end":{"line":250,"column":18}},"85":{"start":{"line":251,"column":4},"end":{"line":253,"column":5}},"86":{"start":{"line":252,"column":6},"end":{"line":252,"column":22}},"87":{"start":{"line":254,"column":4},"end":{"line":256,"column":5}},"88":{"start":{"line":255,"column":6},"end":{"line":255,"column":16}},"89":{"start":{"line":257,"column":4},"end":{"line":267,"column":8}},"90":{"start":{"line":257,"column":31},"end":{"line":267,"column":5}},"91":{"start":{"line":268,"column":4},"end":{"line":268,"column":29}},"92":{"start":{"line":269,"column":9},"end":{"line":298,"column":3}},"93":{"start":{"line":270,"column":19},"end":{"line":271,"column":57}},"94":{"start":{"line":272,"column":18},"end":{"line":275,"column":5}},"95":{"start":{"line":276,"column":19},"end":{"line":276,"column":42}},"96":{"start":{"line":277,"column":16},"end":{"line":277,"column":18}},"97":{"start":{"line":278,"column":4},"end":{"line":280,"column":5}},"98":{"start":{"line":279,"column":6},"end":{"line":279,"column":22}},"99":{"start":{"line":281,"column":4},"end":{"line":283,"column":5}},"100":{"start":{"line":282,"column":6},"end":{"line":282,"column":16}},"101":{"start":{"line":284,"column":4},"end":{"line":294,"column":8}},"102":{"start":{"line":284,"column":31},"end":{"line":294,"column":5}},"103":{"start":{"line":295,"column":4},"end":{"line":295,"column":29}},"104":{"start":{"line":297,"column":4},"end":{"line":297,"column":14}},"105":{"start":{"line":301,"column":0},"end":{"line":327,"column":2}},"106":{"start":{"line":302,"column":17},"end":{"line":302,"column":67}},"107":{"start":{"line":303,"column":16},"end":{"line":306,"column":3}},"108":{"start":{"line":307,"column":17},"end":{"line":307,"column":40}},"109":{"start":{"line":308,"column":2},"end":{"line":326,"column":3}},"110":{"start":{"line":309,"column":15},"end":{"line":320,"column":6}},"111":{"start":{"line":321,"column":4},"end":{"line":321,"column":31}},"112":{"start":{"line":322,"column":4},"end":{"line":322,"column":35}},"113":{"start":{"line":323,"column":4},"end":{"line":323,"column":16}},"114":{"start":{"line":325,"column":4},"end":{"line":325,"column":21}},"115":{"start":{"line":329,"column":0},"end":{"line":357,"column":2}},"116":{"start":{"line":330,"column":17},"end":{"line":330,"column":54}},"117":{"start":{"line":331,"column":16},"end":{"line":334,"column":3}},"118":{"start":{"line":335,"column":17},"end":{"line":335,"column":40}},"119":{"start":{"line":336,"column":2},"end":{"line":356,"column":3}},"120":{"start":{"line":339,"column":4},"end":{"line":347,"column":5}},"121":{"start":{"line":340,"column":6},"end":{"line":340,"column":44}},"122":{"start":{"line":341,"column":6},"end":{"line":342,"column":54}},"123":{"start":{"line":344,"column":6},"end":{"line":344,"column":46}},"124":{"start":{"line":345,"column":6},"end":{"line":346,"column":56}},"125":{"start":{"line":348,"column":14},"end":{"line":351,"column":5}},"126":{"start":{"line":352,"column":4},"end":{"line":352,"column":18}},"127":{"start":{"line":353,"column":4},"end":{"line":353,"column":15}},"128":{"start":{"line":355,"column":4},"end":{"line":355,"column":21}},"129":{"start":{"line":359,"column":0},"end":{"line":424,"column":2}},"130":{"start":{"line":361,"column":15},"end":{"line":362,"column":62}},"131":{"start":{"line":363,"column":14},"end":{"line":366,"column":3}},"132":{"start":{"line":367,"column":17},"end":{"line":367,"column":40}},"133":{"start":{"line":368,"column":20},"end":{"line":368,"column":22}},"134":{"start":{"line":369,"column":2},"end":{"line":369,"column":57}},"135":{"start":{"line":371,"column":2},"end":{"line":372,"column":69}},"136":{"start":{"line":373,"column":2},"end":{"line":376,"column":4}},"137":{"start":{"line":377,"column":12},"end":{"line":377,"column":35}},"138":{"start":{"line":378,"column":2},"end":{"line":378,"column":61}},"139":{"start":{"line":380,"column":2},"end":{"line":381,"column":68}},"140":{"start":{"line":382,"column":2},"end":{"line":385,"column":4}},"141":{"start":{"line":386,"column":15},"end":{"line":386,"column":17}},"142":{"start":{"line":387,"column":16},"end":{"line":387,"column":18}},"143":{"start":{"line":388,"column":12},"end":{"line":388,"column":35}},"144":{"start":{"line":389,"column":2},"end":{"line":396,"column":3}},"145":{"start":{"line":390,"column":4},"end":{"line":395,"column":5}},"146":{"start":{"line":391,"column":6},"end":{"line":391,"column":30}},"147":{"start":{"line":392,"column":6},"end":{"line":392,"column":21}},"148":{"start":{"line":394,"column":6},"end":{"line":394,"column":43}},"149":{"start":{"line":397,"column":2},"end":{"line":399,"column":3}},"150":{"start":{"line":397,"column":15},"end":{"line":397,"column":16}},"151":{"start":{"line":398,"column":4},"end":{"line":398,"column":58}},"152":{"start":{"line":401,"column":2},"end":{"line":402,"column":68}},"153":{"start":{"line":403,"column":2},"end":{"line":406,"column":4}},"154":{"start":{"line":407,"column":2},"end":{"line":407,"column":14}},"155":{"start":{"line":408,"column":12},"end":{"line":408,"column":14}},"156":{"start":{"line":409,"column":12},"end":{"line":409,"column":35}},"157":{"start":{"line":410,"column":2},"end":{"line":417,"column":3}},"158":{"start":{"line":411,"column":4},"end":{"line":416,"column":5}},"159":{"start":{"line":412,"column":6},"end":{"line":412,"column":26}},"160":{"start":{"line":413,"column":6},"end":{"line":413,"column":21}},"161":{"start":{"line":415,"column":6},"end":{"line":415,"column":43}},"162":{"start":{"line":418,"column":2},"end":{"line":422,"column":3}},"163":{"start":{"line":418,"column":15},"end":{"line":418,"column":16}},"164":{"start":{"line":419,"column":4},"end":{"line":421,"column":5}},"165":{"start":{"line":420,"column":6},"end":{"line":420,"column":48}},"166":{"start":{"line":423,"column":2},"end":{"line":423,"column":19}},"167":{"start":{"line":426,"column":0},"end":{"line":448,"column":2}},"168":{"start":{"line":427,"column":17},"end":{"line":427,"column":67}},"169":{"start":{"line":428,"column":16},"end":{"line":431,"column":3}},"170":{"start":{"line":432,"column":17},"end":{"line":432,"column":40}},"171":{"start":{"line":433,"column":2},"end":{"line":447,"column":3}},"172":{"start":{"line":434,"column":4},"end":{"line":434,"column":14}},"173":{"start":{"line":435,"column":9},"end":{"line":447,"column":3}},"174":{"start":{"line":436,"column":4},"end":{"line":436,"column":13}},"175":{"start":{"line":437,"column":9},"end":{"line":447,"column":3}},"176":{"start":{"line":438,"column":4},"end":{"line":438,"column":15}},"177":{"start":{"line":440,"column":19},"end":{"line":440,"column":63}},"178":{"start":{"line":441,"column":14},"end":{"line":444,"column":5}},"179":{"start":{"line":445,"column":4},"end":{"line":445,"column":18}},"180":{"start":{"line":446,"column":4},"end":{"line":446,"column":15}},"181":{"start":{"line":450,"column":0},"end":{"line":493,"column":2}},"182":{"start":{"line":451,"column":17},"end":{"line":452,"column":31}},"183":{"start":{"line":453,"column":12},"end":{"line":456,"column":3}},"184":{"start":{"line":457,"column":17},"end":{"line":457,"column":36}},"185":{"start":{"line":458,"column":16},"end":{"line":458,"column":36}},"186":{"start":{"line":459,"column":19},"end":{"line":459,"column":29}},"187":{"start":{"line":460,"column":12},"end":{"line":460,"column":34}},"188":{"start":{"line":461,"column":14},"end":{"line":461,"column":42}},"189":{"start":{"line":462,"column":18},"end":{"line":471,"column":3}},"190":{"start":{"line":473,"column":17},"end":{"line":474,"column":38}},"191":{"start":{"line":475,"column":16},"end":{"line":478,"column":3}},"192":{"start":{"line":479,"column":13},"end":{"line":479,"column":36}},"193":{"start":{"line":480,"column":2},"end":{"line":492,"column":4}},"194":{"start":{"line":496,"column":0},"end":{"line":496,"column":66}}},"fnMap":{"0":{"name":"sortDate","decl":{"start":{"line":21,"column":9},"end":{"line":21,"column":17}},"loc":{"start":{"line":21,"column":24},"end":{"line":23,"column":1}},"line":21},"1":{"name":"last12","decl":{"start":{"line":29,"column":9},"end":{"line":29,"column":15}},"loc":{"start":{"line":29,"column":19},"end":{"line":39,"column":1}},"line":29},"2":{"name":"sortedMail","decl":{"start":{"line":45,"column":9},"end":{"line":45,"column":19}},"loc":{"start":{"line":45,"column":27},"end":{"line":140,"column":1}},"line":45},"3":{"name":"(anonymous_3)","decl":{"start":{"line":47,"column":9},"end":{"line":47,"column":10}},"loc":{"start":{"line":47,"column":18},"end":{"line":58,"column":5}},"line":47},"4":{"name":"(anonymous_4)","decl":{"start":{"line":62,"column":12},"end":{"line":62,"column":13}},"loc":{"start":{"line":62,"column":24},"end":{"line":64,"column":54}},"line":62},"5":{"name":"(anonymous_5)","decl":{"start":{"line":65,"column":9},"end":{"line":65,"column":10}},"loc":{"start":{"line":65,"column":21},"end":{"line":77,"column":5}},"line":65},"6":{"name":"(anonymous_6)","decl":{"start":{"line":86,"column":12},"end":{"line":86,"column":13}},"loc":{"start":{"line":86,"column":24},"end":{"line":88,"column":54}},"line":86},"7":{"name":"(anonymous_7)","decl":{"start":{"line":89,"column":9},"end":{"line":89,"column":10}},"loc":{"start":{"line":89,"column":21},"end":{"line":100,"column":5}},"line":89},"8":{"name":"(anonymous_8)","decl":{"start":{"line":107,"column":12},"end":{"line":107,"column":13}},"loc":{"start":{"line":107,"column":24},"end":{"line":107,"column":42}},"line":107},"9":{"name":"(anonymous_9)","decl":{"start":{"line":108,"column":9},"end":{"line":108,"column":10}},"loc":{"start":{"line":108,"column":21},"end":{"line":121,"column":5}},"line":108},"10":{"name":"(anonymous_10)","decl":{"start":{"line":126,"column":9},"end":{"line":126,"column":10}},"loc":{"start":{"line":126,"column":21},"end":{"line":137,"column":5}},"line":126},"11":{"name":"(anonymous_11)","decl":{"start":{"line":142,"column":22},"end":{"line":142,"column":23}},"loc":{"start":{"line":142,"column":56},"end":{"line":299,"column":1}},"line":142},"12":{"name":"(anonymous_12)","decl":{"start":{"line":166,"column":24},"end":{"line":166,"column":25}},"loc":{"start":{"line":166,"column":33},"end":{"line":177,"column":7}},"line":166},"13":{"name":"(anonymous_13)","decl":{"start":{"line":199,"column":24},"end":{"line":199,"column":25}},"loc":{"start":{"line":199,"column":33},"end":{"line":210,"column":7}},"line":199},"14":{"name":"(anonymous_14)","decl":{"start":{"line":229,"column":22},"end":{"line":229,"column":23}},"loc":{"start":{"line":229,"column":31},"end":{"line":240,"column":5}},"line":229},"15":{"name":"(anonymous_15)","decl":{"start":{"line":257,"column":22},"end":{"line":257,"column":23}},"loc":{"start":{"line":257,"column":31},"end":{"line":267,"column":5}},"line":257},"16":{"name":"(anonymous_16)","decl":{"start":{"line":284,"column":22},"end":{"line":284,"column":23}},"loc":{"start":{"line":284,"column":31},"end":{"line":294,"column":5}},"line":284},"17":{"name":"(anonymous_17)","decl":{"start":{"line":301,"column":21},"end":{"line":301,"column":22}},"loc":{"start":{"line":301,"column":42},"end":{"line":327,"column":1}},"line":301},"18":{"name":"(anonymous_18)","decl":{"start":{"line":329,"column":19},"end":{"line":329,"column":20}},"loc":{"start":{"line":329,"column":38},"end":{"line":357,"column":1}},"line":329},"19":{"name":"(anonymous_19)","decl":{"start":{"line":359,"column":23},"end":{"line":359,"column":24}},"loc":{"start":{"line":359,"column":40},"end":{"line":424,"column":1}},"line":359},"20":{"name":"(anonymous_20)","decl":{"start":{"line":426,"column":19},"end":{"line":426,"column":20}},"loc":{"start":{"line":426,"column":42},"end":{"line":448,"column":1}},"line":426},"21":{"name":"(anonymous_21)","decl":{"start":{"line":450,"column":21},"end":{"line":450,"column":22}},"loc":{"start":{"line":450,"column":44},"end":{"line":493,"column":1}},"line":450}},"branchMap":{"0":{"loc":{"start":{"line":22,"column":9},"end":{"line":22,"column":30}},"type":"cond-expr","locations":[{"start":{"line":22,"column":26},"end":{"line":22,"column":28}},{"start":{"line":22,"column":29},"end":{"line":22,"column":30}}],"line":22},"1":{"loc":{"start":{"line":34,"column":2},"end":{"line":38,"column":3}},"type":"if","locations":[{"start":{"line":34,"column":2},"end":{"line":38,"column":3}},{"start":{"line":36,"column":9},"end":{"line":38,"column":3}}],"line":34},"2":{"loc":{"start":{"line":34,"column":6},"end":{"line":34,"column":27}},"type":"binary-expr","locations":[{"start":{"line":34,"column":7},"end":{"line":34,"column":14}},{"start":{"line":34,"column":18},"end":{"line":34,"column":26}}],"line":34},"3":{"loc":{"start":{"line":62,"column":24},"end":{"line":64,"column":54}},"type":"binary-expr","locations":[{"start":{"line":62,"column":25},"end":{"line":62,"column":63}},{"start":{"line":63,"column":7},"end":{"line":63,"column":47}},{"start":{"line":64,"column":7},"end":{"line":64,"column":53}}],"line":62},"4":{"loc":{"start":{"line":86,"column":24},"end":{"line":88,"column":54}},"type":"binary-expr","locations":[{"start":{"line":86,"column":25},"end":{"line":86,"column":63}},{"start":{"line":87,"column":7},"end":{"line":87,"column":47}},{"start":{"line":88,"column":7},"end":{"line":88,"column":53}}],"line":86},"5":{"loc":{"start":{"line":113,"column":13},"end":{"line":115,"column":61}},"type":"cond-expr","locations":[{"start":{"line":113,"column":41},"end":{"line":114,"column":31}},{"start":{"line":115,"column":9},"end":{"line":115,"column":60}}],"line":113},"6":{"loc":{"start":{"line":143,"column":2},"end":{"line":298,"column":3}},"type":"if","locations":[{"start":{"line":143,"column":2},"end":{"line":298,"column":3}},{"start":{"line":213,"column":9},"end":{"line":298,"column":3}}],"line":143},"7":{"loc":{"start":{"line":144,"column":4},"end":{"line":212,"column":5}},"type":"if","locations":[{"start":{"line":144,"column":4},"end":{"line":212,"column":5}},{"start":{"line":179,"column":11},"end":{"line":212,"column":5}}],"line":144},"8":{"loc":{"start":{"line":146,"column":6},"end":{"line":153,"column":7}},"type":"if","locations":[{"start":{"line":146,"column":6},"end":{"line":153,"column":7}},{"start":{"line":150,"column":13},"end":{"line":153,"column":7}}],"line":146},"9":{"loc":{"start":{"line":163,"column":6},"end":{"line":165,"column":7}},"type":"if","locations":[{"start":{"line":163,"column":6},"end":{"line":165,"column":7}},{"start":{},"end":{}}],"line":163},"10":{"loc":{"start":{"line":169,"column":17},"end":{"line":170,"column":44}},"type":"cond-expr","locations":[{"start":{"line":170,"column":10},"end":{"line":170,"column":27}},{"start":{"line":170,"column":29},"end":{"line":170,"column":44}}],"line":169},"11":{"loc":{"start":{"line":196,"column":6},"end":{"line":198,"column":7}},"type":"if","locations":[{"start":{"line":196,"column":6},"end":{"line":198,"column":7}},{"start":{},"end":{}}],"line":196},"12":{"loc":{"start":{"line":202,"column":17},"end":{"line":203,"column":44}},"type":"cond-expr","locations":[{"start":{"line":203,"column":10},"end":{"line":203,"column":27}},{"start":{"line":203,"column":29},"end":{"line":203,"column":44}}],"line":202},"13":{"loc":{"start":{"line":213,"column":9},"end":{"line":298,"column":3}},"type":"if","locations":[{"start":{"line":213,"column":9},"end":{"line":298,"column":3}},{"start":{"line":242,"column":9},"end":{"line":298,"column":3}}],"line":213},"14":{"loc":{"start":{"line":226,"column":4},"end":{"line":228,"column":5}},"type":"if","locations":[{"start":{"line":226,"column":4},"end":{"line":228,"column":5}},{"start":{},"end":{}}],"line":226},"15":{"loc":{"start":{"line":232,"column":15},"end":{"line":233,"column":42}},"type":"cond-expr","locations":[{"start":{"line":233,"column":8},"end":{"line":233,"column":25}},{"start":{"line":233,"column":27},"end":{"line":233,"column":42}}],"line":232},"16":{"loc":{"start":{"line":242,"column":9},"end":{"line":298,"column":3}},"type":"if","locations":[{"start":{"line":242,"column":9},"end":{"line":298,"column":3}},{"start":{"line":269,"column":9},"end":{"line":298,"column":3}}],"line":242},"17":{"loc":{"start":{"line":254,"column":4},"end":{"line":256,"column":5}},"type":"if","locations":[{"start":{"line":254,"column":4},"end":{"line":256,"column":5}},{"start":{},"end":{}}],"line":254},"18":{"loc":{"start":{"line":269,"column":9},"end":{"line":298,"column":3}},"type":"if","locations":[{"start":{"line":269,"column":9},"end":{"line":298,"column":3}},{"start":{"line":296,"column":9},"end":{"line":298,"column":3}}],"line":269},"19":{"loc":{"start":{"line":281,"column":4},"end":{"line":283,"column":5}},"type":"if","locations":[{"start":{"line":281,"column":4},"end":{"line":283,"column":5}},{"start":{},"end":{}}],"line":281},"20":{"loc":{"start":{"line":308,"column":2},"end":{"line":326,"column":3}},"type":"if","locations":[{"start":{"line":308,"column":2},"end":{"line":326,"column":3}},{"start":{"line":324,"column":9},"end":{"line":326,"column":3}}],"line":308},"21":{"loc":{"start":{"line":312,"column":13},"end":{"line":313,"column":52}},"type":"cond-expr","locations":[{"start":{"line":313,"column":8},"end":{"line":313,"column":30}},{"start":{"line":313,"column":32},"end":{"line":313,"column":52}}],"line":312},"22":{"loc":{"start":{"line":336,"column":2},"end":{"line":356,"column":3}},"type":"if","locations":[{"start":{"line":336,"column":2},"end":{"line":356,"column":3}},{"start":{"line":354,"column":9},"end":{"line":356,"column":3}}],"line":336},"23":{"loc":{"start":{"line":339,"column":4},"end":{"line":347,"column":5}},"type":"if","locations":[{"start":{"line":339,"column":4},"end":{"line":347,"column":5}},{"start":{"line":343,"column":11},"end":{"line":347,"column":5}}],"line":339},"24":{"loc":{"start":{"line":340,"column":10},"end":{"line":340,"column":43}},"type":"cond-expr","locations":[{"start":{"line":340,"column":36},"end":{"line":340,"column":39}},{"start":{"line":340,"column":40},"end":{"line":340,"column":43}}],"line":340},"25":{"loc":{"start":{"line":344,"column":10},"end":{"line":344,"column":45}},"type":"cond-expr","locations":[{"start":{"line":344,"column":38},"end":{"line":344,"column":41}},{"start":{"line":344,"column":42},"end":{"line":344,"column":45}}],"line":344},"26":{"loc":{"start":{"line":390,"column":4},"end":{"line":395,"column":5}},"type":"if","locations":[{"start":{"line":390,"column":4},"end":{"line":395,"column":5}},{"start":{"line":393,"column":11},"end":{"line":395,"column":5}}],"line":390},"27":{"loc":{"start":{"line":411,"column":4},"end":{"line":416,"column":5}},"type":"if","locations":[{"start":{"line":411,"column":4},"end":{"line":416,"column":5}},{"start":{"line":414,"column":11},"end":{"line":416,"column":5}}],"line":411},"28":{"loc":{"start":{"line":419,"column":4},"end":{"line":421,"column":5}},"type":"if","locations":[{"start":{"line":419,"column":4},"end":{"line":421,"column":5}},{"start":{},"end":{}}],"line":419},"29":{"loc":{"start":{"line":419,"column":8},"end":{"line":419,"column":77}},"type":"binary-expr","locations":[{"start":{"line":419,"column":9},"end":{"line":419,"column":23}},{"start":{"line":419,"column":27},"end":{"line":419,"column":40}},{"start":{"line":419,"column":44},"end":{"line":419,"column":58}},{"start":{"line":419,"column":62},"end":{"line":419,"column":76}}],"line":419},"30":{"loc":{"start":{"line":433,"column":2},"end":{"line":447,"column":3}},"type":"if","locations":[{"start":{"line":433,"column":2},"end":{"line":447,"column":3}},{"start":{"line":435,"column":9},"end":{"line":447,"column":3}}],"line":433},"31":{"loc":{"start":{"line":435,"column":9},"end":{"line":447,"column":3}},"type":"if","locations":[{"start":{"line":435,"column":9},"end":{"line":447,"column":3}},{"start":{"line":437,"column":9},"end":{"line":447,"column":3}}],"line":435},"32":{"loc":{"start":{"line":435,"column":13},"end":{"line":435,"column":61}},"type":"binary-expr","locations":[{"start":{"line":435,"column":14},"end":{"line":435,"column":39}},{"start":{"line":435,"column":43},"end":{"line":435,"column":60}}],"line":435},"33":{"loc":{"start":{"line":437,"column":9},"end":{"line":447,"column":3}},"type":"if","locations":[{"start":{"line":437,"column":9},"end":{"line":447,"column":3}},{"start":{"line":439,"column":9},"end":{"line":447,"column":3}}],"line":437}},"s":{"0":2,"1":2,"2":2,"3":199,"4":79,"5":79,"6":79,"7":79,"8":79,"9":60,"10":19,"11":27,"12":120,"13":27,"14":27,"15":27,"16":120,"17":1,"18":27,"19":27,"20":1,"21":1,"22":1,"23":27,"24":27,"25":119,"26":40,"27":27,"28":27,"29":40,"30":27,"31":27,"32":79,"33":19,"34":27,"35":27,"36":19,"37":27,"38":60,"39":27,"40":27,"41":2,"42":31,"43":7,"44":3,"45":2,"46":1,"47":3,"48":3,"49":3,"50":3,"51":15,"52":3,"53":1,"54":2,"55":15,"56":2,"57":4,"58":4,"59":4,"60":4,"61":4,"62":16,"63":4,"64":1,"65":3,"66":16,"67":3,"68":24,"69":2,"70":2,"71":2,"72":2,"73":2,"74":4,"75":2,"76":1,"77":1,"78":4,"79":1,"80":22,"81":14,"82":14,"83":14,"84":14,"85":14,"86":53,"87":14,"88":1,"89":13,"90":53,"91":13,"92":8,"93":7,"94":7,"95":7,"96":7,"97":7,"98":30,"99":7,"100":1,"101":6,"102":30,"103":6,"104":1,"105":2,"106":3,"107":3,"108":3,"109":3,"110":2,"111":2,"112":2,"113":2,"114":1,"115":2,"116":8,"117":8,"118":8,"119":8,"120":6,"121":3,"122":3,"123":3,"124":3,"125":6,"126":6,"127":6,"128":2,"129":2,"130":2,"131":2,"132":2,"133":2,"134":2,"135":2,"136":2,"137":2,"138":2,"139":2,"140":2,"141":2,"142":2,"143":2,"144":2,"145":12,"146":6,"147":6,"148":6,"149":2,"150":2,"151":6,"152":2,"153":2,"154":2,"155":2,"156":2,"157":2,"158":18,"159":9,"160":9,"161":9,"162":2,"163":2,"164":9,"165":1,"166":2,"167":2,"168":4,"169":4,"170":4,"171":4,"172":1,"173":3,"174":1,"175":2,"176":1,"177":1,"178":1,"179":1,"180":1,"181":2,"182":1,"183":1,"184":1,"185":1,"186":1,"187":1,"188":1,"189":1,"190":1,"191":1,"192":1,"193":1,"194":2},"f":{"0":199,"1":79,"2":27,"3":120,"4":120,"5":1,"6":119,"7":40,"8":79,"9":19,"10":60,"11":31,"12":15,"13":16,"14":4,"15":53,"16":30,"17":3,"18":8,"19":2,"20":4,"21":1},"b":{"0":[121,78],"1":[60,19],"2":[79,79],"3":[120,9,1],"4":[119,40,40],"5":[8,11],"6":[7,24],"7":[3,4],"8":[2,1],"9":[1,2],"10":[11,4],"11":[1,3],"12":[10,6],"13":[2,22],"14":[1,1],"15":[2,2],"16":[14,8],"17":[1,13],"18":[7,1],"19":[1,6],"20":[2,1],"21":[1,1],"22":[6,2],"23":[3,3],"24":[1,2],"25":[1,2],"26":[6,6],"27":[9,9],"28":[1,8],"29":[9,9,1,1],"30":[1,3],"31":[1,2],"32":[3,3],"33":[1,1]},"_coverageSchema":"1a1c01bbd47fc00a2c39e90264f33305004495a9","hash":"657512b105147e600a3f2805f8c93a64874d3793"}
,"C:\\Users\\Christie\\Desktop\\CSE 186\\Assignment8\\backend\\src\\dummy.js": {"path":"C:\\Users\\Christie\\Desktop\\CSE 186\\Assignment8\\backend\\src\\dummy.js","statementMap":{"0":{"start":{"line":1,"column":15},"end":{"line":1,"column":28}},"1":{"start":{"line":3,"column":13},"end":{"line":9,"column":2}},"2":{"start":{"line":11,"column":20},"end":{"line":20,"column":1}},"3":{"start":{"line":12,"column":17},"end":{"line":12,"column":38}},"4":{"start":{"line":13,"column":16},"end":{"line":16,"column":3}},"5":{"start":{"line":17,"column":17},"end":{"line":17,"column":40}},"6":{"start":{"line":19,"column":2},"end":{"line":19,"column":37}},"7":{"start":{"line":22,"column":0},"end":{"line":26,"column":2}},"8":{"start":{"line":23,"column":2},"end":{"line":25,"column":52}}},"fnMap":{"0":{"name":"(anonymous_0)","decl":{"start":{"line":11,"column":20},"end":{"line":11,"column":21}},"loc":{"start":{"line":11,"column":32},"end":{"line":20,"column":1}},"line":11},"1":{"name":"(anonymous_1)","decl":{"start":{"line":22,"column":14},"end":{"line":22,"column":15}},"loc":{"start":{"line":22,"column":34},"end":{"line":26,"column":1}},"line":22}},"branchMap":{},"s":{"0":2,"1":2,"2":2,"3":1,"4":1,"5":1,"6":1,"7":2,"8":1},"f":{"0":1,"1":1},"b":{},"_coverageSchema":"1a1c01bbd47fc00a2c39e90264f33305004495a9","hash":"1053260e1088fe399e6c5773ff84177d4ae697ac"}
,"C:\\Users\\Christie\\Desktop\\CSE 186\\Assignment8\\backend\\src\\mail.js": {"path":"C:\\Users\\Christie\\Desktop\\CSE 186\\Assignment8\\backend\\src\\mail.js","statementMap":{"0":{"start":{"line":1,"column":11},"end":{"line":1,"column":26}},"1":{"start":{"line":3,"column":13},"end":{"line":5,"column":47}},"2":{"start":{"line":8,"column":0},"end":{"line":16,"column":2}},"3":{"start":{"line":9,"column":16},"end":{"line":10,"column":40}},"4":{"start":{"line":11,"column":2},"end":{"line":15,"column":3}},"5":{"start":{"line":12,"column":4},"end":{"line":12,"column":32}},"6":{"start":{"line":14,"column":4},"end":{"line":14,"column":27}},"7":{"start":{"line":19,"column":0},"end":{"line":30,"column":2}},"8":{"start":{"line":20,"column":2},"end":{"line":29,"column":3}},"9":{"start":{"line":21,"column":17},"end":{"line":21,"column":67}},"10":{"start":{"line":22,"column":4},"end":{"line":26,"column":5}},"11":{"start":{"line":23,"column":6},"end":{"line":23,"column":33}},"12":{"start":{"line":25,"column":6},"end":{"line":25,"column":29}},"13":{"start":{"line":28,"column":4},"end":{"line":28,"column":27}},"14":{"start":{"line":32,"column":0},"end":{"line":35,"column":2}},"15":{"start":{"line":33,"column":20},"end":{"line":33,"column":57}},"16":{"start":{"line":34,"column":2},"end":{"line":34,"column":34}},"17":{"start":{"line":37,"column":0},"end":{"line":48,"column":2}},"18":{"start":{"line":38,"column":2},"end":{"line":47,"column":3}},"19":{"start":{"line":39,"column":17},"end":{"line":39,"column":54}},"20":{"start":{"line":40,"column":4},"end":{"line":44,"column":5}},"21":{"start":{"line":41,"column":6},"end":{"line":41,"column":29}},"22":{"start":{"line":43,"column":6},"end":{"line":43,"column":29}},"23":{"start":{"line":46,"column":4},"end":{"line":46,"column":27}},"24":{"start":{"line":50,"column":0},"end":{"line":61,"column":2}},"25":{"start":{"line":51,"column":2},"end":{"line":60,"column":3}},"26":{"start":{"line":52,"column":17},"end":{"line":52,"column":54}},"27":{"start":{"line":53,"column":4},"end":{"line":57,"column":5}},"28":{"start":{"line":54,"column":6},"end":{"line":54,"column":29}},"29":{"start":{"line":56,"column":6},"end":{"line":56,"column":29}},"30":{"start":{"line":59,"column":4},"end":{"line":59,"column":27}},"31":{"start":{"line":63,"column":0},"end":{"line":76,"column":2}},"32":{"start":{"line":64,"column":2},"end":{"line":75,"column":3}},"33":{"start":{"line":65,"column":17},"end":{"line":65,"column":68}},"34":{"start":{"line":66,"column":4},"end":{"line":72,"column":5}},"35":{"start":{"line":67,"column":6},"end":{"line":67,"column":29}},"36":{"start":{"line":68,"column":11},"end":{"line":72,"column":5}},"37":{"start":{"line":69,"column":6},"end":{"line":69,"column":29}},"38":{"start":{"line":71,"column":6},"end":{"line":71,"column":29}},"39":{"start":{"line":74,"column":4},"end":{"line":74,"column":27}},"40":{"start":{"line":78,"column":0},"end":{"line":81,"column":2}},"41":{"start":{"line":79,"column":18},"end":{"line":79,"column":63}},"42":{"start":{"line":80,"column":2},"end":{"line":80,"column":32}}},"fnMap":{"0":{"name":"(anonymous_0)","decl":{"start":{"line":8,"column":17},"end":{"line":8,"column":18}},"loc":{"start":{"line":8,"column":37},"end":{"line":16,"column":1}},"line":8},"1":{"name":"(anonymous_1)","decl":{"start":{"line":19,"column":18},"end":{"line":19,"column":19}},"loc":{"start":{"line":19,"column":38},"end":{"line":30,"column":1}},"line":19},"2":{"name":"(anonymous_2)","decl":{"start":{"line":32,"column":22},"end":{"line":32,"column":23}},"loc":{"start":{"line":32,"column":42},"end":{"line":35,"column":1}},"line":32},"3":{"name":"(anonymous_3)","decl":{"start":{"line":37,"column":19},"end":{"line":37,"column":20}},"loc":{"start":{"line":37,"column":39},"end":{"line":48,"column":1}},"line":37},"4":{"name":"(anonymous_4)","decl":{"start":{"line":50,"column":19},"end":{"line":50,"column":20}},"loc":{"start":{"line":50,"column":39},"end":{"line":61,"column":1}},"line":50},"5":{"name":"(anonymous_5)","decl":{"start":{"line":63,"column":14},"end":{"line":63,"column":15}},"loc":{"start":{"line":63,"column":34},"end":{"line":76,"column":1}},"line":63},"6":{"name":"(anonymous_6)","decl":{"start":{"line":78,"column":15},"end":{"line":78,"column":16}},"loc":{"start":{"line":78,"column":35},"end":{"line":81,"column":1}},"line":78}},"branchMap":{"0":{"loc":{"start":{"line":11,"column":2},"end":{"line":15,"column":3}},"type":"if","locations":[{"start":{"line":11,"column":2},"end":{"line":15,"column":3}},{"start":{"line":13,"column":9},"end":{"line":15,"column":3}}],"line":11},"1":{"loc":{"start":{"line":20,"column":2},"end":{"line":29,"column":3}},"type":"if","locations":[{"start":{"line":20,"column":2},"end":{"line":29,"column":3}},{"start":{"line":27,"column":9},"end":{"line":29,"column":3}}],"line":20},"2":{"loc":{"start":{"line":22,"column":4},"end":{"line":26,"column":5}},"type":"if","locations":[{"start":{"line":22,"column":4},"end":{"line":26,"column":5}},{"start":{"line":24,"column":11},"end":{"line":26,"column":5}}],"line":22},"3":{"loc":{"start":{"line":38,"column":2},"end":{"line":47,"column":3}},"type":"if","locations":[{"start":{"line":38,"column":2},"end":{"line":47,"column":3}},{"start":{"line":45,"column":9},"end":{"line":47,"column":3}}],"line":38},"4":{"loc":{"start":{"line":40,"column":4},"end":{"line":44,"column":5}},"type":"if","locations":[{"start":{"line":40,"column":4},"end":{"line":44,"column":5}},{"start":{"line":42,"column":11},"end":{"line":44,"column":5}}],"line":40},"5":{"loc":{"start":{"line":51,"column":2},"end":{"line":60,"column":3}},"type":"if","locations":[{"start":{"line":51,"column":2},"end":{"line":60,"column":3}},{"start":{"line":58,"column":9},"end":{"line":60,"column":3}}],"line":51},"6":{"loc":{"start":{"line":53,"column":4},"end":{"line":57,"column":5}},"type":"if","locations":[{"start":{"line":53,"column":4},"end":{"line":57,"column":5}},{"start":{"line":55,"column":11},"end":{"line":57,"column":5}}],"line":53},"7":{"loc":{"start":{"line":64,"column":2},"end":{"line":75,"column":3}},"type":"if","locations":[{"start":{"line":64,"column":2},"end":{"line":75,"column":3}},{"start":{"line":73,"column":9},"end":{"line":75,"column":3}}],"line":64},"8":{"loc":{"start":{"line":66,"column":4},"end":{"line":72,"column":5}},"type":"if","locations":[{"start":{"line":66,"column":4},"end":{"line":72,"column":5}},{"start":{"line":68,"column":11},"end":{"line":72,"column":5}}],"line":66},"9":{"loc":{"start":{"line":68,"column":11},"end":{"line":72,"column":5}},"type":"if","locations":[{"start":{"line":68,"column":11},"end":{"line":72,"column":5}},{"start":{"line":70,"column":11},"end":{"line":72,"column":5}}],"line":68}},"s":{"0":2,"1":2,"2":2,"3":31,"4":31,"5":25,"6":6,"7":2,"8":4,"9":3,"10":3,"11":2,"12":1,"13":1,"14":2,"15":2,"16":2,"17":2,"18":5,"19":4,"20":4,"21":3,"22":1,"23":1,"24":2,"25":5,"26":4,"27":4,"28":3,"29":1,"30":1,"31":2,"32":5,"33":4,"34":4,"35":1,"36":3,"37":1,"38":2,"39":1,"40":2,"41":1,"42":1},"f":{"0":31,"1":4,"2":2,"3":5,"4":5,"5":5,"6":1},"b":{"0":[25,6],"1":[3,1],"2":[2,1],"3":[4,1],"4":[3,1],"5":[4,1],"6":[3,1],"7":[4,1],"8":[1,3],"9":[1,2]},"_coverageSchema":"1a1c01bbd47fc00a2c39e90264f33305004495a9","hash":"750c08cb5a820ee81d42c32e4a01fdee83e7fa20"}
,"C:\\Users\\Christie\\Desktop\\CSE 186\\Assignment8\\backend\\src\\__tests__\\db.js": {"path":"C:\\Users\\Christie\\Desktop\\CSE 186\\Assignment8\\backend\\src\\__tests__\\db.js","statementMap":{"0":{"start":{"line":5,"column":11},"end":{"line":5,"column":24}},"1":{"start":{"line":6,"column":15},"end":{"line":6,"column":28}},"2":{"start":{"line":8,"column":0},"end":{"line":8,"column":27}},"3":{"start":{"line":9,"column":0},"end":{"line":9,"column":31}},"4":{"start":{"line":11,"column":13},"end":{"line":17,"column":2}},"5":{"start":{"line":19,"column":12},"end":{"line":25,"column":1}},"6":{"start":{"line":20,"column":18},"end":{"line":20,"column":47}},"7":{"start":{"line":21,"column":21},"end":{"line":21,"column":43}},"8":{"start":{"line":22,"column":2},"end":{"line":24,"column":3}},"9":{"start":{"line":23,"column":4},"end":{"line":23,"column":32}},"10":{"start":{"line":27,"column":0},"end":{"line":31,"column":2}},"11":{"start":{"line":28,"column":2},"end":{"line":28,"column":30}},"12":{"start":{"line":29,"column":2},"end":{"line":29,"column":28}},"13":{"start":{"line":30,"column":2},"end":{"line":30,"column":31}},"14":{"start":{"line":33,"column":0},"end":{"line":37,"column":2}},"15":{"start":{"line":34,"column":2},"end":{"line":36,"column":5}}},"fnMap":{"0":{"name":"(anonymous_0)","decl":{"start":{"line":19,"column":12},"end":{"line":19,"column":13}},"loc":{"start":{"line":19,"column":28},"end":{"line":25,"column":1}},"line":19},"1":{"name":"(anonymous_1)","decl":{"start":{"line":27,"column":16},"end":{"line":27,"column":17}},"loc":{"start":{"line":27,"column":28},"end":{"line":31,"column":1}},"line":27},"2":{"name":"(anonymous_2)","decl":{"start":{"line":33,"column":19},"end":{"line":33,"column":20}},"loc":{"start":{"line":33,"column":25},"end":{"line":37,"column":1}},"line":33},"3":{"name":"(anonymous_3)","decl":{"start":{"line":34,"column":11},"end":{"line":34,"column":12}},"loc":{"start":{"line":34,"column":17},"end":{"line":36,"column":3}},"line":34}},"branchMap":{},"s":{"0":2,"1":2,"2":2,"3":2,"4":2,"5":2,"6":6,"7":6,"8":6,"9":134,"10":2,"11":2,"12":2,"13":2,"14":2,"15":2},"f":{"0":6,"1":2,"2":2,"3":2},"b":{},"_coverageSchema":"1a1c01bbd47fc00a2c39e90264f33305004495a9","hash":"3e38f880f5dee11986b41f01bacd30c04a1407a5"}
}
