TN:
SF:src\app.js
FN:43,(anonymous_0)
FNF:1
FNH:1
FNDA:3,(anonymous_0)
DA:1,2
DA:2,2
DA:3,2
DA:4,2
DA:5,2
DA:6,2
DA:7,2
DA:10,2
DA:11,2
DA:12,2
DA:14,2
DA:15,2
DA:16,2
DA:17,2
DA:19,2
DA:21,2
DA:22,2
DA:24,2
DA:32,2
DA:33,2
DA:34,2
DA:35,2
DA:36,2
DA:37,2
DA:38,2
DA:40,2
DA:41,2
DA:43,2
DA:44,3
DA:51,2
LF:30
LH:30
BRF:0
BRH:0
end_of_record
TN:
SF:src\auth.js
FN:20,(anonymous_0)
FN:47,(anonymous_1)
FN:50,(anonymous_2)
FNF:3
FNH:3
FNDA:40,(anonymous_0)
FNDA:54,(anonymous_1)
FNDA:54,(anonymous_2)
DA:1,2
DA:2,2
DA:3,2
DA:6,2
DA:14,2
DA:20,2
DA:21,40
DA:22,40
DA:23,40
DA:27,40
DA:28,40
DA:29,39
DA:30,38
DA:36,38
DA:39,1
DA:42,1
DA:47,2
DA:48,54
DA:49,54
DA:50,54
DA:51,54
DA:52,1
DA:54,53
DA:55,53
LF:24
LH:24
BRDA:28,0,0,39
BRDA:28,0,1,1
BRDA:29,1,0,38
BRDA:29,1,1,1
BRDA:51,2,0,1
BRDA:51,2,1,53
BRF:6
BRH:6
end_of_record
TN:
SF:src\db.js
FN:21,sortDate
FN:29,last12
FN:45,sortedMail
FN:47,(anonymous_3)
FN:62,(anonymous_4)
FN:65,(anonymous_5)
FN:86,(anonymous_6)
FN:89,(anonymous_7)
FN:107,(anonymous_8)
FN:108,(anonymous_9)
FN:126,(anonymous_10)
FN:142,(anonymous_11)
FN:166,(anonymous_12)
FN:199,(anonymous_13)
FN:229,(anonymous_14)
FN:257,(anonymous_15)
FN:284,(anonymous_16)
FN:301,(anonymous_17)
FN:329,(anonymous_18)
FN:359,(anonymous_19)
FN:426,(anonymous_20)
FN:450,(anonymous_21)
FNF:22
FNH:22
FNDA:199,sortDate
FNDA:79,last12
FNDA:27,sortedMail
FNDA:120,(anonymous_3)
FNDA:120,(anonymous_4)
FNDA:1,(anonymous_5)
FNDA:119,(anonymous_6)
FNDA:40,(anonymous_7)
FNDA:79,(anonymous_8)
FNDA:19,(anonymous_9)
FNDA:60,(anonymous_10)
FNDA:31,(anonymous_11)
FNDA:15,(anonymous_12)
FNDA:16,(anonymous_13)
FNDA:4,(anonymous_14)
FNDA:53,(anonymous_15)
FNDA:30,(anonymous_16)
FNDA:3,(anonymous_17)
FNDA:8,(anonymous_18)
FNDA:2,(anonymous_19)
FNDA:4,(anonymous_20)
FNDA:1,(anonymous_21)
DA:1,2
DA:3,2
DA:11,2
DA:22,199
DA:30,79
DA:31,79
DA:32,79
DA:33,79
DA:34,79
DA:35,60
DA:37,19
DA:46,27
DA:47,120
DA:59,27
DA:60,27
DA:61,27
DA:62,120
DA:65,1
DA:78,27
DA:79,1
DA:81,1
DA:82,1
DA:84,27
DA:85,27
DA:86,119
DA:89,40
DA:101,27
DA:102,40
DA:104,27
DA:106,27
DA:107,79
DA:108,19
DA:122,27
DA:123,19
DA:125,27
DA:126,60
DA:138,27
DA:139,27
DA:142,2
DA:143,31
DA:144,7
DA:146,3
DA:147,2
DA:151,1
DA:154,3
DA:158,3
DA:159,3
DA:160,3
DA:161,15
DA:163,3
DA:164,1
DA:166,15
DA:178,2
DA:180,4
DA:187,4
DA:191,4
DA:192,4
DA:193,4
DA:194,16
DA:196,4
DA:197,1
DA:199,16
DA:211,3
DA:213,24
DA:214,2
DA:217,2
DA:221,2
DA:222,2
DA:223,2
DA:224,4
DA:226,2
DA:227,1
DA:229,4
DA:241,1
DA:242,22
DA:243,14
DA:245,14
DA:249,14
DA:250,14
DA:251,14
DA:252,53
DA:254,14
DA:255,1
DA:257,53
DA:268,13
DA:269,8
DA:270,7
DA:272,7
DA:276,7
DA:277,7
DA:278,7
DA:279,30
DA:281,7
DA:282,1
DA:284,30
DA:295,6
DA:297,1
DA:301,2
DA:302,3
DA:303,3
DA:307,3
DA:308,3
DA:309,2
DA:321,2
DA:322,2
DA:323,2
DA:325,1
DA:329,2
DA:330,8
DA:331,8
DA:335,8
DA:336,8
DA:339,6
DA:340,3
DA:341,3
DA:344,3
DA:345,3
DA:348,6
DA:352,6
DA:353,6
DA:355,2
DA:359,2
DA:361,2
DA:363,2
DA:367,2
DA:368,2
DA:369,2
DA:371,2
DA:373,2
DA:377,2
DA:378,2
DA:380,2
DA:382,2
DA:386,2
DA:387,2
DA:388,2
DA:389,2
DA:390,12
DA:391,6
DA:392,6
DA:394,6
DA:397,2
DA:398,6
DA:401,2
DA:403,2
DA:407,2
DA:408,2
DA:409,2
DA:410,2
DA:411,18
DA:412,9
DA:413,9
DA:415,9
DA:418,2
DA:419,9
DA:420,1
DA:423,2
DA:426,2
DA:427,4
DA:428,4
DA:432,4
DA:433,4
DA:434,1
DA:435,3
DA:436,1
DA:437,2
DA:438,1
DA:440,1
DA:441,1
DA:445,1
DA:446,1
DA:450,2
DA:451,1
DA:453,1
DA:457,1
DA:458,1
DA:459,1
DA:460,1
DA:461,1
DA:462,1
DA:473,1
DA:475,1
DA:479,1
DA:480,1
DA:496,2
LF:185
LH:185
BRDA:22,0,0,121
BRDA:22,0,1,78
BRDA:34,1,0,60
BRDA:34,1,1,19
BRDA:34,2,0,79
BRDA:34,2,1,79
BRDA:62,3,0,120
BRDA:62,3,1,9
BRDA:62,3,2,1
BRDA:86,4,0,119
BRDA:86,4,1,40
BRDA:86,4,2,40
BRDA:113,5,0,8
BRDA:113,5,1,11
BRDA:143,6,0,7
BRDA:143,6,1,24
BRDA:144,7,0,3
BRDA:144,7,1,4
BRDA:146,8,0,2
BRDA:146,8,1,1
BRDA:163,9,0,1
BRDA:163,9,1,2
BRDA:169,10,0,11
BRDA:169,10,1,4
BRDA:196,11,0,1
BRDA:196,11,1,3
BRDA:202,12,0,10
BRDA:202,12,1,6
BRDA:213,13,0,2
BRDA:213,13,1,22
BRDA:226,14,0,1
BRDA:226,14,1,1
BRDA:232,15,0,2
BRDA:232,15,1,2
BRDA:242,16,0,14
BRDA:242,16,1,8
BRDA:254,17,0,1
BRDA:254,17,1,13
BRDA:269,18,0,7
BRDA:269,18,1,1
BRDA:281,19,0,1
BRDA:281,19,1,6
BRDA:308,20,0,2
BRDA:308,20,1,1
BRDA:312,21,0,1
BRDA:312,21,1,1
BRDA:336,22,0,6
BRDA:336,22,1,2
BRDA:339,23,0,3
BRDA:339,23,1,3
BRDA:340,24,0,1
BRDA:340,24,1,2
BRDA:344,25,0,1
BRDA:344,25,1,2
BRDA:390,26,0,6
BRDA:390,26,1,6
BRDA:411,27,0,9
BRDA:411,27,1,9
BRDA:419,28,0,1
BRDA:419,28,1,8
BRDA:419,29,0,9
BRDA:419,29,1,9
BRDA:419,29,2,1
BRDA:419,29,3,1
BRDA:433,30,0,1
BRDA:433,30,1,3
BRDA:435,31,0,1
BRDA:435,31,1,2
BRDA:435,32,0,3
BRDA:435,32,1,3
BRDA:437,33,0,1
BRDA:437,33,1,1
BRF:72
BRH:72
end_of_record
TN:
SF:src\dummy.js
FN:11,(anonymous_0)
FN:22,(anonymous_1)
FNF:2
FNH:2
FNDA:1,(anonymous_0)
FNDA:1,(anonymous_1)
DA:1,2
DA:3,2
DA:11,2
DA:12,1
DA:13,1
DA:17,1
DA:19,1
DA:22,2
DA:23,1
LF:9
LH:9
BRF:0
BRH:0
end_of_record
TN:
SF:src\mail.js
FN:8,(anonymous_0)
FN:19,(anonymous_1)
FN:32,(anonymous_2)
FN:37,(anonymous_3)
FN:50,(anonymous_4)
FN:63,(anonymous_5)
FN:78,(anonymous_6)
FNF:7
FNH:7
FNDA:31,(anonymous_0)
FNDA:4,(anonymous_1)
FNDA:2,(anonymous_2)
FNDA:5,(anonymous_3)
FNDA:5,(anonymous_4)
FNDA:5,(anonymous_5)
FNDA:1,(anonymous_6)
DA:1,2
DA:3,2
DA:8,2
DA:9,31
DA:11,31
DA:12,25
DA:14,6
DA:19,2
DA:20,4
DA:21,3
DA:22,3
DA:23,2
DA:25,1
DA:28,1
DA:32,2
DA:33,2
DA:34,2
DA:37,2
DA:38,5
DA:39,4
DA:40,4
DA:41,3
DA:43,1
DA:46,1
DA:50,2
DA:51,5
DA:52,4
DA:53,4
DA:54,3
DA:56,1
DA:59,1
DA:63,2
DA:64,5
DA:65,4
DA:66,4
DA:67,1
DA:68,3
DA:69,1
DA:71,2
DA:74,1
DA:78,2
DA:79,1
DA:80,1
LF:43
LH:43
BRDA:11,0,0,25
BRDA:11,0,1,6
BRDA:20,1,0,3
BRDA:20,1,1,1
BRDA:22,2,0,2
BRDA:22,2,1,1
BRDA:38,3,0,4
BRDA:38,3,1,1
BRDA:40,4,0,3
BRDA:40,4,1,1
BRDA:51,5,0,4
BRDA:51,5,1,1
BRDA:53,6,0,3
BRDA:53,6,1,1
BRDA:64,7,0,4
BRDA:64,7,1,1
BRDA:66,8,0,1
BRDA:66,8,1,3
BRDA:68,9,0,1
BRDA:68,9,1,2
BRF:20
BRH:20
end_of_record
TN:
SF:src\__tests__\db.js
FN:19,(anonymous_0)
FN:27,(anonymous_1)
FN:33,(anonymous_2)
FN:34,(anonymous_3)
FNF:4
FNH:4
FNDA:6,(anonymous_0)
FNDA:2,(anonymous_1)
FNDA:2,(anonymous_2)
FNDA:2,(anonymous_3)
DA:5,2
DA:6,2
DA:8,2
DA:9,2
DA:11,2
DA:19,2
DA:20,6
DA:21,6
DA:22,6
DA:23,134
DA:27,2
DA:28,2
DA:29,2
DA:30,2
DA:33,2
DA:34,2
LF:16
LH:16
BRF:0
BRH:0
end_of_record
